<?xml version="1.0" encoding="UTF-8"?>
<testsuite name="TestSuite" time="19.18" tests="31" errors="0" skipped="0" failures="6">
  <properties>
    <property name="java.runtime.name" value="Java(TM) SE Runtime Environment"/>
    <property name="java.vm.version" value="17.0.2+8-LTS-86"/>
    <property name="sun.boot.library.path" value="C:\Program Files\Java\jdk-17.0.2\bin"/>
    <property name="maven.multiModuleProjectDirectory" value="C:\Users\Nerses Khachatryan\Desktop\Git_craftBet_TestAutomation\CraftBet_JavaFrameWork\craftBetAutomation"/>
    <property name="java.vm.vendor" value="Oracle Corporation"/>
    <property name="java.vendor.url" value="https://java.oracle.com/"/>
    <property name="guice.disable.misplaced.annotation.check" value="true"/>
    <property name="path.separator" value=";"/>
    <property name="java.vm.name" value="Java HotSpot(TM) 64-Bit Server VM"/>
    <property name="sun.os.patch.level" value=""/>
    <property name="user.script" value=""/>
    <property name="user.country" value="US"/>
    <property name="sun.java.launcher" value="SUN_STANDARD"/>
    <property name="java.vm.specification.name" value="Java Virtual Machine Specification"/>
    <property name="user.dir" value="C:\Users\Nerses Khachatryan\Desktop\Git_craftBet_TestAutomation\CraftBet_JavaFrameWork\craftBetAutomation"/>
    <property name="java.vm.compressedOopsMode" value="32-bit"/>
    <property name="java.runtime.version" value="17.0.2+8-LTS-86"/>
    <property name="os.arch" value="amd64"/>
    <property name="java.io.tmpdir" value="C:\Users\NERSES~1\AppData\Local\Temp\"/>
    <property name="line.separator" value="&#10;"/>
    <property name="java.vm.specification.vendor" value="Oracle Corporation"/>
    <property name="user.variant" value=""/>
    <property name="os.name" value="Windows 10"/>
    <property name="classworlds.conf" value="C:\apache-maven-3.8.6-bin\apache-maven-3.8.6\bin\m2.conf"/>
    <property name="sun.jnu.encoding" value="Cp1252"/>
    <property name="java.library.path" value="C:\Program Files\Java\jdk-17.0.2\bin;C:\WINDOWS\Sun\Java\bin;C:\WINDOWS\system32;C:\WINDOWS;C:\Program Files\Common Files\Oracle\Java\javapath;C:\WINDOWS\system32;C:\WINDOWS;C:\WINDOWS\System32\Wbem;C:\WINDOWS\System32\WindowsPowerShell\v1.0\;C:\WINDOWS\System32\OpenSSH\;C:\Program Files\dotnet\;C:\Program Files\Microsoft SQL Server\130\Tools\Binn\;C:\Program Files\Microsoft SQL Server\Client SDK\ODBC\170\Tools\Binn\;C:\Program Files (x86)\Microsoft SQL Server\150\Tools\Binn\;C:\Program Files\Microsoft SQL Server\150\Tools\Binn\;C:\Program Files\Microsoft SQL Server\150\DTS\Binn\;C:\Program Files (x86)\Microsoft SQL Server\150\DTS\Binn\;C:\Program Files\Seq\;C:\Program Files\Seq\Client\;C:\Program Files\Java\jdk-17.0.2\bin;C:\Program Files\Common Files\Oracle\Java\javapath;C:\Program Files\nodejs\;C:\apache-maven-3.8.6-bin\apache-maven-3.8.6\bin;C:\apache-maven-3.8.6-bin\apache-maven-3.8.6;%M2_HOME%\bin;C:\Program Files\Git\cmd;C:\Users\Nerses Khachatryan\AppData\Local\Microsoft\WindowsApps;C:\Users\Nerses Khachatryan\AppData\Roaming\npm;."/>
    <property name="maven.conf" value="C:\apache-maven-3.8.6-bin\apache-maven-3.8.6/conf"/>
    <property name="jdk.debug" value="release"/>
    <property name="java.class.version" value="61.0"/>
    <property name="java.specification.name" value="Java Platform API Specification"/>
    <property name="sun.management.compiler" value="HotSpot 64-Bit Tiered Compilers"/>
    <property name="os.version" value="10.0"/>
    <property name="library.jansi.path" value="C:\apache-maven-3.8.6-bin\apache-maven-3.8.6\lib\jansi-native"/>
    <property name="user.home" value="C:\Users\Nerses Khachatryan"/>
    <property name="user.timezone" value="Asia/Yerevan"/>
    <property name="file.encoding" value="Cp1252"/>
    <property name="java.specification.version" value="17"/>
    <property name="user.name" value="Nerses Khachatryan"/>
    <property name="java.class.path" value="C:\apache-maven-3.8.6-bin\apache-maven-3.8.6\boot\plexus-classworlds-2.6.0.jar"/>
    <property name="java.vm.specification.version" value="17"/>
    <property name="sun.arch.data.model" value="64"/>
    <property name="sun.java.command" value="org.codehaus.plexus.classworlds.launcher.Launcher clean install"/>
    <property name="java.home" value="C:\Program Files\Java\jdk-17.0.2"/>
    <property name="user.language" value="en"/>
    <property name="java.specification.vendor" value="Oracle Corporation"/>
    <property name="java.vm.info" value="mixed mode, sharing"/>
    <property name="java.version" value="17.0.2"/>
    <property name="native.encoding" value="Cp1252"/>
    <property name="java.vendor" value="Oracle Corporation"/>
    <property name="sun.stderr.encoding" value="cp437"/>
    <property name="maven.home" value="C:\apache-maven-3.8.6-bin\apache-maven-3.8.6"/>
    <property name="file.separator" value="\"/>
    <property name="java.version.date" value="2022-01-18"/>
    <property name="java.vendor.url.bug" value="https://bugreport.java.com/bugreport/"/>
    <property name="sun.io.unicode.encoding" value="UnicodeLittle"/>
    <property name="sun.cpu.endian" value="little"/>
    <property name="sun.stdout.encoding" value="cp437"/>
    <property name="sun.cpu.isalist" value="amd64"/>
  </properties>
  <testcase name="loginPopUpLabelsPresenceVerification_Test" classname="testCases.LoginPopUpTest" time="0.717"/>
  <testcase name="loginPopUpLogoPresenceVerification_Test" classname="testCases.LoginPopUpTest" time="0.047"/>
  <testcase name="loginPopUpCloseButtonFunctionality_Test" classname="testCases.LoginPopUpTest" time="0.717"/>
  <testcase name="loginPopUpEyeButtonFunctionality_Test" classname="testCases.LoginPopUpTest" time="0.313"/>
  <testcase name="loginPopUpRememberMeLabelClickAbility_Test" classname="testCases.LoginPopUpTest" time="0.269"/>
  <testcase name="loginPopUpCheckBoxClickAbility_Test" classname="testCases.LoginPopUpTest" time="0.243"/>
  <testcase name="loginPopUpForgotPasswordLink_Test" classname="testCases.LoginPopUpTest" time="0.15"/>
  <testcase name="loginPopUpSignUpLink_Test" classname="testCases.LoginPopUpTest" time="0.269"/>
  <testcase name="loginPopUpLogInPositiveTest" classname="testCases.LoginPopUpTest" time="1.636"/>
  <testcase name="loginPopUpLogInNegativeTest" classname="testCases.LoginPopUpTest" time="10.368"/>
  <testcase name="loginPopUpLogInNegativeTest" classname="testCases.LoginPopUpTest" time="2.824">
    <failure message="expected [false] but found [true]" type="java.lang.AssertionError">java.lang.AssertionError: expected [false] but found [true]
	at org.testng.Assert.fail(Assert.java:110)
	at org.testng.Assert.failNotEquals(Assert.java:1413)
	at org.testng.Assert.assertEqualsImpl(Assert.java:149)
	at org.testng.Assert.assertEquals(Assert.java:131)
	at org.testng.Assert.assertEquals(Assert.java:976)
	at org.testng.Assert.assertEquals(Assert.java:1010)
	at testCases.LoginPopUpTest.loginPopUpLogInNegativeTest(LoginPopUpTest.java:199)
</failure>
    <system-out><![CDATA[ INFO [main] (BaseTest.java:76)- Browser closed
 INFO [main] (DriverFactory.java:28)- Browser for test will be chrome as chosen
 INFO [main] (WebDriverManager.java:1197)- Using chromedriver 103.0.5060.53 (resolved driver for Chrome 103)
 INFO [main] (WebDriverManager.java:1252)- Exporting webdriver.chrome.driver as C:\Users\Nerses Khachatryan\.cache\selenium\chromedriver\win32\103.0.5060.53\chromedriver.exe
 INFO [main] (BaseTest.java:55)- Header page elements are initialized
 INFO [main] (BaseTest.java:57)- Login_PopUp_Page login PopUp elements are initialized
 INFO [main] (BaseTest.java:59)- SignUp_PopUp_Page elements are initialized
 INFO [main] (BaseTest.java:61)- Footer Page elements are initialized
 INFO [main] (BaseTest.java:63)- Password recovery Page elements are initialized
 INFO [main] (BaseTest.java:65)- Casino Page elements are initialized
I am in onTestStart method loginPopUpLogInNegativeTest start
 INFO [main] (LoginPopUpTest.java:189)- username passed -->U1630370<--
 INFO [main] (LoginPopUpTest.java:191)- password passed -->N3HU3 <--
 INFO [main] (LoginPopUpTest.java:194)- Log In Button was clicked
I am in onTestFailure method loginPopUpLogInNegativeTest failed
Screenshot captured for test case:loginPopUpLogInNegativeTest
Screenshot taken
ERROR [main] (Reporting.java:88)- loginPopUpLogInNegativeTest--->  Fail
ERROR [main] (Reporting.java:89)- loginPopUpLogInNegativeTest------------------------------------------------
]]></system-out>
    <system-err><![CDATA[Starting ChromeDriver 103.0.5060.53 (a1711811edd74ff1cf2150f36ffa3b0dae40b17f-refs/branch-heads/5060@{#853}) on port 63993
Only local connections are allowed.
Please see https://chromedriver.chromium.org/security-considerations for suggestions on keeping ChromeDriver safe.
ChromeDriver was started successfully.
Jul 11, 2022 10:26:00 AM org.openqa.selenium.remote.ProtocolHandshake createSession
INFO: Detected upstream dialect: W3C
Jul 11, 2022 10:26:00 AM org.openqa.selenium.devtools.CdpVersionFinder findNearestMatch
WARNING: Unable to find an exact match for CDP version 103, so returning the closest version found: 102
Jul 11, 2022 10:26:00 AM org.openqa.selenium.devtools.CdpVersionFinder findNearestMatch
INFO: Found CDP implementation for version 103 of 102
]]></system-err>
  </testcase>
  <testcase name="loginPopUpLogInNegativeTest" classname="testCases.LoginPopUpTest" time="2.517">
    <failure message="expected [false] but found [true]" type="java.lang.AssertionError">java.lang.AssertionError: expected [false] but found [true]
	at org.testng.Assert.fail(Assert.java:110)
	at org.testng.Assert.failNotEquals(Assert.java:1413)
	at org.testng.Assert.assertEqualsImpl(Assert.java:149)
	at org.testng.Assert.assertEquals(Assert.java:131)
	at org.testng.Assert.assertEquals(Assert.java:976)
	at org.testng.Assert.assertEquals(Assert.java:1010)
	at testCases.LoginPopUpTest.loginPopUpLogInNegativeTest(LoginPopUpTest.java:199)
</failure>
    <system-out><![CDATA[ INFO [main] (BaseTest.java:76)- Browser closed
 INFO [main] (DriverFactory.java:28)- Browser for test will be chrome as chosen
 INFO [main] (WebDriverManager.java:1197)- Using chromedriver 103.0.5060.53 (resolved driver for Chrome 103)
 INFO [main] (WebDriverManager.java:1252)- Exporting webdriver.chrome.driver as C:\Users\Nerses Khachatryan\.cache\selenium\chromedriver\win32\103.0.5060.53\chromedriver.exe
 INFO [main] (BaseTest.java:55)- Header page elements are initialized
 INFO [main] (BaseTest.java:57)- Login_PopUp_Page login PopUp elements are initialized
 INFO [main] (BaseTest.java:59)- SignUp_PopUp_Page elements are initialized
 INFO [main] (BaseTest.java:61)- Footer Page elements are initialized
 INFO [main] (BaseTest.java:63)- Password recovery Page elements are initialized
 INFO [main] (BaseTest.java:65)- Casino Page elements are initialized
I am in onTestStart method loginPopUpLogInNegativeTest start
 INFO [main] (LoginPopUpTest.java:189)- username passed -->U1630370<--
 INFO [main] (LoginPopUpTest.java:191)- password passed --> N3HU3<--
 INFO [main] (LoginPopUpTest.java:194)- Log In Button was clicked
I am in onTestFailure method loginPopUpLogInNegativeTest failed
Screenshot captured for test case:loginPopUpLogInNegativeTest
Screenshot taken
ERROR [main] (Reporting.java:88)- loginPopUpLogInNegativeTest--->  Fail
ERROR [main] (Reporting.java:89)- loginPopUpLogInNegativeTest------------------------------------------------
]]></system-out>
    <system-err><![CDATA[Starting ChromeDriver 103.0.5060.53 (a1711811edd74ff1cf2150f36ffa3b0dae40b17f-refs/branch-heads/5060@{#853}) on port 61616
Only local connections are allowed.
Please see https://chromedriver.chromium.org/security-considerations for suggestions on keeping ChromeDriver safe.
ChromeDriver was started successfully.
Jul 11, 2022 10:26:08 AM org.openqa.selenium.remote.ProtocolHandshake createSession
INFO: Detected upstream dialect: W3C
Jul 11, 2022 10:26:08 AM org.openqa.selenium.devtools.CdpVersionFinder findNearestMatch
WARNING: Unable to find an exact match for CDP version 103, so returning the closest version found: 102
Jul 11, 2022 10:26:08 AM org.openqa.selenium.devtools.CdpVersionFinder findNearestMatch
INFO: Found CDP implementation for version 103 of 102
]]></system-err>
  </testcase>
  <testcase name="loginPopUpLogInNegativeTest" classname="testCases.LoginPopUpTest" time="10.336"/>
  <testcase name="loginPopUpLogInNegativeTest" classname="testCases.LoginPopUpTest" time="10.411"/>
  <testcase name="loginPopUpLogInNegativeTest" classname="testCases.LoginPopUpTest" time="2.56">
    <failure message="expected [false] but found [true]" type="java.lang.AssertionError">java.lang.AssertionError: expected [false] but found [true]
	at org.testng.Assert.fail(Assert.java:110)
	at org.testng.Assert.failNotEquals(Assert.java:1413)
	at org.testng.Assert.assertEqualsImpl(Assert.java:149)
	at org.testng.Assert.assertEquals(Assert.java:131)
	at org.testng.Assert.assertEquals(Assert.java:976)
	at org.testng.Assert.assertEquals(Assert.java:1010)
	at testCases.LoginPopUpTest.loginPopUpLogInNegativeTest(LoginPopUpTest.java:199)
</failure>
    <system-out><![CDATA[ INFO [main] (BaseTest.java:76)- Browser closed
 INFO [main] (DriverFactory.java:28)- Browser for test will be chrome as chosen
 INFO [main] (WebDriverManager.java:1197)- Using chromedriver 103.0.5060.53 (resolved driver for Chrome 103)
 INFO [main] (WebDriverManager.java:1252)- Exporting webdriver.chrome.driver as C:\Users\Nerses Khachatryan\.cache\selenium\chromedriver\win32\103.0.5060.53\chromedriver.exe
 INFO [main] (BaseTest.java:55)- Header page elements are initialized
 INFO [main] (BaseTest.java:57)- Login_PopUp_Page login PopUp elements are initialized
 INFO [main] (BaseTest.java:59)- SignUp_PopUp_Page elements are initialized
 INFO [main] (BaseTest.java:61)- Footer Page elements are initialized
 INFO [main] (BaseTest.java:63)- Password recovery Page elements are initialized
 INFO [main] (BaseTest.java:65)- Casino Page elements are initialized
I am in onTestStart method loginPopUpLogInNegativeTest start
 INFO [main] (LoginPopUpTest.java:189)- username passed -->U1630370 <--
 INFO [main] (LoginPopUpTest.java:191)- password passed -->N3HU3<--
 INFO [main] (LoginPopUpTest.java:194)- Log In Button was clicked
I am in onTestFailure method loginPopUpLogInNegativeTest failed
Screenshot captured for test case:loginPopUpLogInNegativeTest
Screenshot taken
ERROR [main] (Reporting.java:88)- loginPopUpLogInNegativeTest--->  Fail
ERROR [main] (Reporting.java:89)- loginPopUpLogInNegativeTest------------------------------------------------
]]></system-out>
    <system-err><![CDATA[Starting ChromeDriver 103.0.5060.53 (a1711811edd74ff1cf2150f36ffa3b0dae40b17f-refs/branch-heads/5060@{#853}) on port 51001
Only local connections are allowed.
Please see https://chromedriver.chromium.org/security-considerations for suggestions on keeping ChromeDriver safe.
ChromeDriver was started successfully.
Jul 11, 2022 10:26:45 AM org.openqa.selenium.remote.ProtocolHandshake createSession
INFO: Detected upstream dialect: W3C
Jul 11, 2022 10:26:45 AM org.openqa.selenium.devtools.CdpVersionFinder findNearestMatch
WARNING: Unable to find an exact match for CDP version 103, so returning the closest version found: 102
Jul 11, 2022 10:26:45 AM org.openqa.selenium.devtools.CdpVersionFinder findNearestMatch
INFO: Found CDP implementation for version 103 of 102
]]></system-err>
  </testcase>
  <testcase name="loginPopUpLogInNegativeTest" classname="testCases.LoginPopUpTest" time="2.544">
    <failure message="expected [false] but found [true]" type="java.lang.AssertionError">java.lang.AssertionError: expected [false] but found [true]
	at org.testng.Assert.fail(Assert.java:110)
	at org.testng.Assert.failNotEquals(Assert.java:1413)
	at org.testng.Assert.assertEqualsImpl(Assert.java:149)
	at org.testng.Assert.assertEquals(Assert.java:131)
	at org.testng.Assert.assertEquals(Assert.java:976)
	at org.testng.Assert.assertEquals(Assert.java:1010)
	at testCases.LoginPopUpTest.loginPopUpLogInNegativeTest(LoginPopUpTest.java:199)
</failure>
    <system-out><![CDATA[ INFO [main] (BaseTest.java:76)- Browser closed
 INFO [main] (DriverFactory.java:28)- Browser for test will be chrome as chosen
 INFO [main] (WebDriverManager.java:1197)- Using chromedriver 103.0.5060.53 (resolved driver for Chrome 103)
 INFO [main] (WebDriverManager.java:1252)- Exporting webdriver.chrome.driver as C:\Users\Nerses Khachatryan\.cache\selenium\chromedriver\win32\103.0.5060.53\chromedriver.exe
 INFO [main] (BaseTest.java:55)- Header page elements are initialized
 INFO [main] (BaseTest.java:57)- Login_PopUp_Page login PopUp elements are initialized
 INFO [main] (BaseTest.java:59)- SignUp_PopUp_Page elements are initialized
 INFO [main] (BaseTest.java:61)- Footer Page elements are initialized
 INFO [main] (BaseTest.java:63)- Password recovery Page elements are initialized
 INFO [main] (BaseTest.java:65)- Casino Page elements are initialized
I am in onTestStart method loginPopUpLogInNegativeTest start
 INFO [main] (LoginPopUpTest.java:189)- username passed -->U163 0370<--
 INFO [main] (LoginPopUpTest.java:191)- password passed -->N3HU3<--
 INFO [main] (LoginPopUpTest.java:194)- Log In Button was clicked
I am in onTestFailure method loginPopUpLogInNegativeTest failed
Screenshot captured for test case:loginPopUpLogInNegativeTest
Screenshot taken
ERROR [main] (Reporting.java:88)- loginPopUpLogInNegativeTest--->  Fail
ERROR [main] (Reporting.java:89)- loginPopUpLogInNegativeTest------------------------------------------------
]]></system-out>
    <system-err><![CDATA[Starting ChromeDriver 103.0.5060.53 (a1711811edd74ff1cf2150f36ffa3b0dae40b17f-refs/branch-heads/5060@{#853}) on port 63251
Only local connections are allowed.
Please see https://chromedriver.chromium.org/security-considerations for suggestions on keeping ChromeDriver safe.
ChromeDriver was started successfully.
Jul 11, 2022 10:26:52 AM org.openqa.selenium.remote.ProtocolHandshake createSession
INFO: Detected upstream dialect: W3C
Jul 11, 2022 10:26:52 AM org.openqa.selenium.devtools.CdpVersionFinder findNearestMatch
WARNING: Unable to find an exact match for CDP version 103, so returning the closest version found: 102
Jul 11, 2022 10:26:52 AM org.openqa.selenium.devtools.CdpVersionFinder findNearestMatch
INFO: Found CDP implementation for version 103 of 102
]]></system-err>
  </testcase>
  <testcase name="loginPopUpLogInNegativeTest" classname="testCases.LoginPopUpTest" time="2.504">
    <failure message="expected [false] but found [true]" type="java.lang.AssertionError">java.lang.AssertionError: expected [false] but found [true]
	at org.testng.Assert.fail(Assert.java:110)
	at org.testng.Assert.failNotEquals(Assert.java:1413)
	at org.testng.Assert.assertEqualsImpl(Assert.java:149)
	at org.testng.Assert.assertEquals(Assert.java:131)
	at org.testng.Assert.assertEquals(Assert.java:976)
	at org.testng.Assert.assertEquals(Assert.java:1010)
	at testCases.LoginPopUpTest.loginPopUpLogInNegativeTest(LoginPopUpTest.java:199)
</failure>
    <system-out><![CDATA[ INFO [main] (BaseTest.java:76)- Browser closed
 INFO [main] (DriverFactory.java:28)- Browser for test will be chrome as chosen
 INFO [main] (WebDriverManager.java:1197)- Using chromedriver 103.0.5060.53 (resolved driver for Chrome 103)
 INFO [main] (WebDriverManager.java:1252)- Exporting webdriver.chrome.driver as C:\Users\Nerses Khachatryan\.cache\selenium\chromedriver\win32\103.0.5060.53\chromedriver.exe
 INFO [main] (BaseTest.java:55)- Header page elements are initialized
 INFO [main] (BaseTest.java:57)- Login_PopUp_Page login PopUp elements are initialized
 INFO [main] (BaseTest.java:59)- SignUp_PopUp_Page elements are initialized
 INFO [main] (BaseTest.java:61)- Footer Page elements are initialized
 INFO [main] (BaseTest.java:63)- Password recovery Page elements are initialized
 INFO [main] (BaseTest.java:65)- Casino Page elements are initialized
I am in onTestStart method loginPopUpLogInNegativeTest start
 INFO [main] (LoginPopUpTest.java:189)- username passed --> U1630370<--
 INFO [main] (LoginPopUpTest.java:191)- password passed -->N3HU3<--
 INFO [main] (LoginPopUpTest.java:194)- Log In Button was clicked
I am in onTestFailure method loginPopUpLogInNegativeTest failed
Screenshot captured for test case:loginPopUpLogInNegativeTest
Screenshot taken
ERROR [main] (Reporting.java:88)- loginPopUpLogInNegativeTest--->  Fail
ERROR [main] (Reporting.java:89)- loginPopUpLogInNegativeTest------------------------------------------------
]]></system-out>
    <system-err><![CDATA[Starting ChromeDriver 103.0.5060.53 (a1711811edd74ff1cf2150f36ffa3b0dae40b17f-refs/branch-heads/5060@{#853}) on port 62855
Only local connections are allowed.
Please see https://chromedriver.chromium.org/security-considerations for suggestions on keeping ChromeDriver safe.
ChromeDriver was started successfully.
Jul 11, 2022 10:27:00 AM org.openqa.selenium.remote.ProtocolHandshake createSession
INFO: Detected upstream dialect: W3C
Jul 11, 2022 10:27:00 AM org.openqa.selenium.devtools.CdpVersionFinder findNearestMatch
WARNING: Unable to find an exact match for CDP version 103, so returning the closest version found: 102
Jul 11, 2022 10:27:00 AM org.openqa.selenium.devtools.CdpVersionFinder findNearestMatch
INFO: Found CDP implementation for version 103 of 102
]]></system-err>
  </testcase>
  <testcase name="loginPopUpLogInNegativeTest" classname="testCases.LoginPopUpTest" time="30.446"/>
  <testcase name="loginPopUpLogInNegativeTest" classname="testCases.LoginPopUpTest" time="10.46"/>
  <testcase name="loginPopUpErrorMessageValidationInvalidUsername" classname="testCases.LoginPopUpTest" time="1.366"/>
  <testcase name="loginPopUpErrorMessageValidationInvalidPassword" classname="testCases.LoginPopUpTest" time="1.377"/>
  <testcase name="RecoveryPopUpLabelsPresenceVerification_Test" classname="testCases.PasswordRecoveryTest" time="0.228"/>
  <testcase name="RecoveryPopUpLogoPresenceVerification_Test" classname="testCases.PasswordRecoveryTest" time="0.031"/>
  <testcase name="RecoveryPopUpSupportLink_Test" classname="testCases.PasswordRecoveryTest" time="0.788">
    <failure message="did not expect [https://craftbet.com/forgot-password] but found [https://craftbet.com/forgot-password]" type="java.lang.AssertionError">java.lang.AssertionError: did not expect [https://craftbet.com/forgot-password] but found [https://craftbet.com/forgot-password]
	at org.testng.Assert.fail(Assert.java:110)
	at org.testng.Assert.failEquals(Assert.java:1417)
	at org.testng.Assert.assertNotEqualsImpl(Assert.java:156)
	at org.testng.Assert.assertNotEquals(Assert.java:2033)
	at org.testng.Assert.assertNotEquals(Assert.java:2055)
	at testCases.PasswordRecoveryTest.RecoveryPopUpSupportLink_Test(PasswordRecoveryTest.java:74)
</failure>
    <system-out><![CDATA[ INFO [main] (BaseTest.java:76)- Browser closed
 INFO [main] (DriverFactory.java:28)- Browser for test will be chrome as chosen
 INFO [main] (WebDriverManager.java:1197)- Using chromedriver 103.0.5060.53 (resolved driver for Chrome 103)
 INFO [main] (WebDriverManager.java:1252)- Exporting webdriver.chrome.driver as C:\Users\Nerses Khachatryan\.cache\selenium\chromedriver\win32\103.0.5060.53\chromedriver.exe
 INFO [main] (BaseTest.java:55)- Header page elements are initialized
 INFO [main] (BaseTest.java:57)- Login_PopUp_Page login PopUp elements are initialized
 INFO [main] (BaseTest.java:59)- SignUp_PopUp_Page elements are initialized
 INFO [main] (BaseTest.java:61)- Footer Page elements are initialized
 INFO [main] (BaseTest.java:63)- Password recovery Page elements are initialized
 INFO [main] (BaseTest.java:65)- Casino Page elements are initialized
I am in onTestStart method RecoveryPopUpSupportLink_Test start
I am in onTestFailure method RecoveryPopUpSupportLink_Test failed
Screenshot captured for test case:RecoveryPopUpSupportLink_Test
Screenshot taken
ERROR [main] (Reporting.java:88)- RecoveryPopUpSupportLink_Test--->  Fail
ERROR [main] (Reporting.java:89)- RecoveryPopUpSupportLink_Test------------------------------------------------
]]></system-out>
    <system-err><![CDATA[Starting ChromeDriver 103.0.5060.53 (a1711811edd74ff1cf2150f36ffa3b0dae40b17f-refs/branch-heads/5060@{#853}) on port 59032
Only local connections are allowed.
Please see https://chromedriver.chromium.org/security-considerations for suggestions on keeping ChromeDriver safe.
ChromeDriver was started successfully.
Jul 11, 2022 10:28:22 AM org.openqa.selenium.remote.ProtocolHandshake createSession
INFO: Detected upstream dialect: W3C
Jul 11, 2022 10:28:22 AM org.openqa.selenium.devtools.CdpVersionFinder findNearestMatch
WARNING: Unable to find an exact match for CDP version 103, so returning the closest version found: 102
Jul 11, 2022 10:28:22 AM org.openqa.selenium.devtools.CdpVersionFinder findNearestMatch
INFO: Found CDP implementation for version 103 of 102
]]></system-err>
  </testcase>
  <testcase name="RecoveryPopUpPositiveTest" classname="testCases.PasswordRecoveryTest" time="0.466"/>
  <testcase name="RecoveryPopUpNegativeTest" classname="testCases.PasswordRecoveryTest" time="0.195"/>
  <testcase name="RecoveryPopUpNegativeTest" classname="testCases.PasswordRecoveryTest" time="0.231"/>
  <testcase name="RecoveryPopUpNegativeTest" classname="testCases.PasswordRecoveryTest" time="0.218"/>
  <testcase name="RecoveryPopUpNegativeTest" classname="testCases.PasswordRecoveryTest" time="0.203"/>
  <testcase name="RecoveryPopUpNegativeTest" classname="testCases.PasswordRecoveryTest" time="0.206"/>
  <testcase name="RecoveryPopUpNegativeTest" classname="testCases.PasswordRecoveryTest" time="0.265"/>
</testsuite>