<?xml version="1.0" encoding="UTF-8"?>
<testsuite name="TestSuite" time="74.68" tests="21" errors="0" skipped="0" failures="5">
  <properties>
    <property name="java.runtime.name" value="Java(TM) SE Runtime Environment"/>
    <property name="java.vm.version" value="17.0.2+8-LTS-86"/>
    <property name="sun.boot.library.path" value="C:\Program Files\Java\jdk-17.0.2\bin"/>
    <property name="maven.multiModuleProjectDirectory" value="C:\Users\Nerses Khachatryan\Desktop\Git_craftBet_TestAutomation\CraftBet_JavaFrameWork\craftBetAutomation"/>
    <property name="java.vm.vendor" value="Oracle Corporation"/>
    <property name="java.vendor.url" value="https://java.oracle.com/"/>
    <property name="guice.disable.misplaced.annotation.check" value="true"/>
    <property name="path.separator" value=";"/>
    <property name="java.vm.name" value="Java HotSpot(TM) 64-Bit Server VM"/>
    <property name="sun.os.patch.level" value=""/>
    <property name="user.script" value=""/>
    <property name="user.country" value="US"/>
    <property name="sun.java.launcher" value="SUN_STANDARD"/>
    <property name="java.vm.specification.name" value="Java Virtual Machine Specification"/>
    <property name="user.dir" value="C:\Users\Nerses Khachatryan\Desktop\Git_craftBet_TestAutomation\CraftBet_JavaFrameWork\craftBetAutomation"/>
    <property name="java.vm.compressedOopsMode" value="32-bit"/>
    <property name="java.runtime.version" value="17.0.2+8-LTS-86"/>
    <property name="os.arch" value="amd64"/>
    <property name="java.io.tmpdir" value="C:\Users\NERSES~1\AppData\Local\Temp\"/>
    <property name="line.separator" value="&#10;"/>
    <property name="java.vm.specification.vendor" value="Oracle Corporation"/>
    <property name="user.variant" value=""/>
    <property name="os.name" value="Windows 10"/>
    <property name="classworlds.conf" value="C:\apache-maven-3.8.6-bin\apache-maven-3.8.6\bin\m2.conf"/>
    <property name="sun.jnu.encoding" value="Cp1252"/>
    <property name="java.library.path" value="C:\Program Files\Java\jdk-17.0.2\bin;C:\WINDOWS\Sun\Java\bin;C:\WINDOWS\system32;C:\WINDOWS;C:\Program Files\Common Files\Oracle\Java\javapath;C:\WINDOWS\system32;C:\WINDOWS;C:\WINDOWS\System32\Wbem;C:\WINDOWS\System32\WindowsPowerShell\v1.0\;C:\WINDOWS\System32\OpenSSH\;C:\Program Files\dotnet\;C:\Program Files\Microsoft SQL Server\130\Tools\Binn\;C:\Program Files\Microsoft SQL Server\Client SDK\ODBC\170\Tools\Binn\;C:\Program Files (x86)\Microsoft SQL Server\150\Tools\Binn\;C:\Program Files\Microsoft SQL Server\150\Tools\Binn\;C:\Program Files\Microsoft SQL Server\150\DTS\Binn\;C:\Program Files (x86)\Microsoft SQL Server\150\DTS\Binn\;C:\Program Files\Seq\;C:\Program Files\Seq\Client\;C:\Program Files\Java\jdk-17.0.2\bin;C:\Program Files\Common Files\Oracle\Java\javapath;C:\Program Files\nodejs\;C:\apache-maven-3.8.6-bin\apache-maven-3.8.6\bin;C:\apache-maven-3.8.6-bin\apache-maven-3.8.6;%M2_HOME%\bin;C:\Program Files\Git\cmd;C:\Users\Nerses Khachatryan\AppData\Local\Microsoft\WindowsApps;C:\Users\Nerses Khachatryan\AppData\Roaming\npm;."/>
    <property name="maven.conf" value="C:\apache-maven-3.8.6-bin\apache-maven-3.8.6/conf"/>
    <property name="jdk.debug" value="release"/>
    <property name="java.class.version" value="61.0"/>
    <property name="java.specification.name" value="Java Platform API Specification"/>
    <property name="sun.management.compiler" value="HotSpot 64-Bit Tiered Compilers"/>
    <property name="os.version" value="10.0"/>
    <property name="library.jansi.path" value="C:\apache-maven-3.8.6-bin\apache-maven-3.8.6\lib\jansi-native"/>
    <property name="user.home" value="C:\Users\Nerses Khachatryan"/>
    <property name="user.timezone" value="Asia/Yerevan"/>
    <property name="file.encoding" value="Cp1252"/>
    <property name="java.specification.version" value="17"/>
    <property name="user.name" value="Nerses Khachatryan"/>
    <property name="java.class.path" value="C:\apache-maven-3.8.6-bin\apache-maven-3.8.6\boot\plexus-classworlds-2.6.0.jar"/>
    <property name="java.vm.specification.version" value="17"/>
    <property name="sun.arch.data.model" value="64"/>
    <property name="sun.java.command" value="org.codehaus.plexus.classworlds.launcher.Launcher clean install"/>
    <property name="java.home" value="C:\Program Files\Java\jdk-17.0.2"/>
    <property name="user.language" value="en"/>
    <property name="java.specification.vendor" value="Oracle Corporation"/>
    <property name="java.vm.info" value="mixed mode, sharing"/>
    <property name="java.version" value="17.0.2"/>
    <property name="native.encoding" value="Cp1252"/>
    <property name="java.vendor" value="Oracle Corporation"/>
    <property name="sun.stderr.encoding" value="cp437"/>
    <property name="maven.home" value="C:\apache-maven-3.8.6-bin\apache-maven-3.8.6"/>
    <property name="file.separator" value="\"/>
    <property name="java.version.date" value="2022-01-18"/>
    <property name="java.vendor.url.bug" value="https://bugreport.java.com/bugreport/"/>
    <property name="sun.io.unicode.encoding" value="UnicodeLittle"/>
    <property name="sun.cpu.endian" value="little"/>
    <property name="sun.stdout.encoding" value="cp437"/>
    <property name="sun.cpu.isalist" value="amd64"/>
  </properties>
  <testcase name="loginPopUpLabelsPresenceVerification_Test" classname="testCases.LoginPopUpTest" time="0.369"/>
  <testcase name="loginPopUpLogoPresenceVerification_Test" classname="testCases.LoginPopUpTest" time="7.333"/>
  <testcase name="loginPopUpCloseButtonFunctionality_Test" classname="testCases.LoginPopUpTest" time="0.674"/>
  <testcase name="loginPopUpEyeButtonFunctionality_Test" classname="testCases.LoginPopUpTest" time="0.348"/>
  <testcase name="loginPopUpRememberMeLabelClickAbility_Test" classname="testCases.LoginPopUpTest" time="0.258"/>
  <testcase name="loginPopUpCheckBoxClickAbility_Test" classname="testCases.LoginPopUpTest" time="0.224"/>
  <testcase name="loginPopUpForgotPasswordLink_Test" classname="testCases.LoginPopUpTest" time="0.155"/>
  <testcase name="loginPopUpSignUpLink_Test" classname="testCases.LoginPopUpTest" time="0.235"/>
  <testcase name="loginPopUpLogInPositiveTest" classname="testCases.LoginPopUpTest" time="1.992"/>
  <testcase name="loginPopUpLogInNegativeTest" classname="testCases.LoginPopUpTest" time="60.32"/>
  <testcase name="loginPopUpLogInNegativeTest" classname="testCases.LoginPopUpTest" time="2.593">
    <failure message="expected [false] but found [true]" type="java.lang.AssertionError">java.lang.AssertionError: expected [false] but found [true]
	at org.testng.Assert.fail(Assert.java:110)
	at org.testng.Assert.failNotEquals(Assert.java:1413)
	at org.testng.Assert.assertEqualsImpl(Assert.java:149)
	at org.testng.Assert.assertEquals(Assert.java:131)
	at org.testng.Assert.assertEquals(Assert.java:976)
	at org.testng.Assert.assertEquals(Assert.java:1010)
	at testCases.LoginPopUpTest.loginPopUpLogInNegativeTest(LoginPopUpTest.java:191)
</failure>
    <system-out><![CDATA[ INFO [main] (BaseTest.java:75)- Browser closed
 INFO [main] (DriverFactory.java:28)- Browser for test will be chrome as chosen
 INFO [main] (WebDriverManager.java:1197)- Using chromedriver 103.0.5060.53 (resolved driver for Chrome 103)
 INFO [main] (WebDriverManager.java:1252)- Exporting webdriver.chrome.driver as C:\Users\Nerses Khachatryan\.cache\selenium\chromedriver\win32\103.0.5060.53\chromedriver.exe
 INFO [main] (BaseTest.java:54)- Header page elements are initialized
 INFO [main] (BaseTest.java:56)- Login_PopUp_Page login PopUp elements are initialized
 INFO [main] (BaseTest.java:58)- SignUp_PopUp_Page elements are initialized
 INFO [main] (BaseTest.java:60)- Footer Page elements are initialized
 INFO [main] (BaseTest.java:62)- Password recovery Page elements are initialized
 INFO [main] (BaseTest.java:64)- Casino Page elements are initialized
I am in onTestStart method loginPopUpLogInNegativeTest start
 INFO [main] (LoginPopUpTest.java:181)- username passed -->U1630370<--
 INFO [main] (LoginPopUpTest.java:183)- password passed -->N3HU3 <--
 INFO [main] (LoginPopUpTest.java:186)- Log In Button was clicked
I am in onTestFailure method loginPopUpLogInNegativeTest failed
Screenshot captured for test case:loginPopUpLogInNegativeTest
Screenshot taken
ERROR [main] (Reporting.java:88)- loginPopUpLogInNegativeTest--->  Fail
ERROR [main] (Reporting.java:89)- loginPopUpLogInNegativeTest------------------------------------------------
]]></system-out>
    <system-err><![CDATA[Starting ChromeDriver 103.0.5060.53 (a1711811edd74ff1cf2150f36ffa3b0dae40b17f-refs/branch-heads/5060@{#853}) on port 56713
Only local connections are allowed.
Please see https://chromedriver.chromium.org/security-considerations for suggestions on keeping ChromeDriver safe.
ChromeDriver was started successfully.
Jul 08, 2022 5:37:08 PM org.openqa.selenium.remote.ProtocolHandshake createSession
INFO: Detected upstream dialect: W3C
Jul 08, 2022 5:37:08 PM org.openqa.selenium.devtools.CdpVersionFinder findNearestMatch
WARNING: Unable to find an exact match for CDP version 103, so returning the closest version found: 102
Jul 08, 2022 5:37:08 PM org.openqa.selenium.devtools.CdpVersionFinder findNearestMatch
INFO: Found CDP implementation for version 103 of 102
]]></system-err>
  </testcase>
  <testcase name="loginPopUpLogInNegativeTest" classname="testCases.LoginPopUpTest" time="2.476">
    <failure message="expected [false] but found [true]" type="java.lang.AssertionError">java.lang.AssertionError: expected [false] but found [true]
	at org.testng.Assert.fail(Assert.java:110)
	at org.testng.Assert.failNotEquals(Assert.java:1413)
	at org.testng.Assert.assertEqualsImpl(Assert.java:149)
	at org.testng.Assert.assertEquals(Assert.java:131)
	at org.testng.Assert.assertEquals(Assert.java:976)
	at org.testng.Assert.assertEquals(Assert.java:1010)
	at testCases.LoginPopUpTest.loginPopUpLogInNegativeTest(LoginPopUpTest.java:191)
</failure>
    <system-out><![CDATA[ INFO [main] (BaseTest.java:75)- Browser closed
 INFO [main] (DriverFactory.java:28)- Browser for test will be chrome as chosen
 INFO [main] (WebDriverManager.java:1197)- Using chromedriver 103.0.5060.53 (resolved driver for Chrome 103)
 INFO [main] (WebDriverManager.java:1252)- Exporting webdriver.chrome.driver as C:\Users\Nerses Khachatryan\.cache\selenium\chromedriver\win32\103.0.5060.53\chromedriver.exe
 INFO [main] (BaseTest.java:54)- Header page elements are initialized
 INFO [main] (BaseTest.java:56)- Login_PopUp_Page login PopUp elements are initialized
 INFO [main] (BaseTest.java:58)- SignUp_PopUp_Page elements are initialized
 INFO [main] (BaseTest.java:60)- Footer Page elements are initialized
 INFO [main] (BaseTest.java:62)- Password recovery Page elements are initialized
 INFO [main] (BaseTest.java:64)- Casino Page elements are initialized
I am in onTestStart method loginPopUpLogInNegativeTest start
 INFO [main] (LoginPopUpTest.java:181)- username passed -->U1630370<--
 INFO [main] (LoginPopUpTest.java:183)- password passed --> N3HU3<--
 INFO [main] (LoginPopUpTest.java:186)- Log In Button was clicked
I am in onTestFailure method loginPopUpLogInNegativeTest failed
Screenshot captured for test case:loginPopUpLogInNegativeTest
Screenshot taken
ERROR [main] (Reporting.java:88)- loginPopUpLogInNegativeTest--->  Fail
ERROR [main] (Reporting.java:89)- loginPopUpLogInNegativeTest------------------------------------------------
]]></system-out>
    <system-err><![CDATA[Starting ChromeDriver 103.0.5060.53 (a1711811edd74ff1cf2150f36ffa3b0dae40b17f-refs/branch-heads/5060@{#853}) on port 59037
Only local connections are allowed.
Please see https://chromedriver.chromium.org/security-considerations for suggestions on keeping ChromeDriver safe.
ChromeDriver was started successfully.
Jul 08, 2022 5:37:18 PM org.openqa.selenium.remote.ProtocolHandshake createSession
INFO: Detected upstream dialect: W3C
Jul 08, 2022 5:37:18 PM org.openqa.selenium.devtools.CdpVersionFinder findNearestMatch
WARNING: Unable to find an exact match for CDP version 103, so returning the closest version found: 102
Jul 08, 2022 5:37:18 PM org.openqa.selenium.devtools.CdpVersionFinder findNearestMatch
INFO: Found CDP implementation for version 103 of 102
]]></system-err>
  </testcase>
  <testcase name="loginPopUpLogInNegativeTest" classname="testCases.LoginPopUpTest" time="60.404"/>
  <testcase name="loginPopUpLogInNegativeTest" classname="testCases.LoginPopUpTest" time="60.401"/>
  <testcase name="loginPopUpLogInNegativeTest" classname="testCases.LoginPopUpTest" time="2.578">
    <failure message="expected [false] but found [true]" type="java.lang.AssertionError">java.lang.AssertionError: expected [false] but found [true]
	at org.testng.Assert.fail(Assert.java:110)
	at org.testng.Assert.failNotEquals(Assert.java:1413)
	at org.testng.Assert.assertEqualsImpl(Assert.java:149)
	at org.testng.Assert.assertEquals(Assert.java:131)
	at org.testng.Assert.assertEquals(Assert.java:976)
	at org.testng.Assert.assertEquals(Assert.java:1010)
	at testCases.LoginPopUpTest.loginPopUpLogInNegativeTest(LoginPopUpTest.java:191)
</failure>
    <system-out><![CDATA[ INFO [main] (BaseTest.java:75)- Browser closed
 INFO [main] (DriverFactory.java:28)- Browser for test will be chrome as chosen
 INFO [main] (WebDriverManager.java:1197)- Using chromedriver 103.0.5060.53 (resolved driver for Chrome 103)
 INFO [main] (WebDriverManager.java:1252)- Exporting webdriver.chrome.driver as C:\Users\Nerses Khachatryan\.cache\selenium\chromedriver\win32\103.0.5060.53\chromedriver.exe
 INFO [main] (BaseTest.java:54)- Header page elements are initialized
 INFO [main] (BaseTest.java:56)- Login_PopUp_Page login PopUp elements are initialized
 INFO [main] (BaseTest.java:58)- SignUp_PopUp_Page elements are initialized
 INFO [main] (BaseTest.java:60)- Footer Page elements are initialized
 INFO [main] (BaseTest.java:62)- Password recovery Page elements are initialized
 INFO [main] (BaseTest.java:64)- Casino Page elements are initialized
I am in onTestStart method loginPopUpLogInNegativeTest start
 INFO [main] (LoginPopUpTest.java:181)- username passed -->U1630370 <--
 INFO [main] (LoginPopUpTest.java:183)- password passed -->N3HU3<--
 INFO [main] (LoginPopUpTest.java:186)- Log In Button was clicked
I am in onTestFailure method loginPopUpLogInNegativeTest failed
Screenshot captured for test case:loginPopUpLogInNegativeTest
Screenshot taken
ERROR [main] (Reporting.java:88)- loginPopUpLogInNegativeTest--->  Fail
ERROR [main] (Reporting.java:89)- loginPopUpLogInNegativeTest------------------------------------------------
]]></system-out>
    <system-err><![CDATA[Starting ChromeDriver 103.0.5060.53 (a1711811edd74ff1cf2150f36ffa3b0dae40b17f-refs/branch-heads/5060@{#853}) on port 62371
Only local connections are allowed.
Please see https://chromedriver.chromium.org/security-considerations for suggestions on keeping ChromeDriver safe.
ChromeDriver was started successfully.
Jul 08, 2022 5:39:36 PM org.openqa.selenium.remote.ProtocolHandshake createSession
INFO: Detected upstream dialect: W3C
Jul 08, 2022 5:39:36 PM org.openqa.selenium.devtools.CdpVersionFinder findNearestMatch
WARNING: Unable to find an exact match for CDP version 103, so returning the closest version found: 102
Jul 08, 2022 5:39:36 PM org.openqa.selenium.devtools.CdpVersionFinder findNearestMatch
INFO: Found CDP implementation for version 103 of 102
]]></system-err>
  </testcase>
  <testcase name="loginPopUpLogInNegativeTest" classname="testCases.LoginPopUpTest" time="2.434">
    <failure message="expected [false] but found [true]" type="java.lang.AssertionError">java.lang.AssertionError: expected [false] but found [true]
	at org.testng.Assert.fail(Assert.java:110)
	at org.testng.Assert.failNotEquals(Assert.java:1413)
	at org.testng.Assert.assertEqualsImpl(Assert.java:149)
	at org.testng.Assert.assertEquals(Assert.java:131)
	at org.testng.Assert.assertEquals(Assert.java:976)
	at org.testng.Assert.assertEquals(Assert.java:1010)
	at testCases.LoginPopUpTest.loginPopUpLogInNegativeTest(LoginPopUpTest.java:191)
</failure>
    <system-out><![CDATA[ INFO [main] (BaseTest.java:75)- Browser closed
 INFO [main] (DriverFactory.java:28)- Browser for test will be chrome as chosen
 INFO [main] (WebDriverManager.java:1197)- Using chromedriver 103.0.5060.53 (resolved driver for Chrome 103)
 INFO [main] (WebDriverManager.java:1252)- Exporting webdriver.chrome.driver as C:\Users\Nerses Khachatryan\.cache\selenium\chromedriver\win32\103.0.5060.53\chromedriver.exe
 INFO [main] (BaseTest.java:54)- Header page elements are initialized
 INFO [main] (BaseTest.java:56)- Login_PopUp_Page login PopUp elements are initialized
 INFO [main] (BaseTest.java:58)- SignUp_PopUp_Page elements are initialized
 INFO [main] (BaseTest.java:60)- Footer Page elements are initialized
 INFO [main] (BaseTest.java:62)- Password recovery Page elements are initialized
 INFO [main] (BaseTest.java:64)- Casino Page elements are initialized
I am in onTestStart method loginPopUpLogInNegativeTest start
 INFO [main] (LoginPopUpTest.java:181)- username passed -->U163 0370<--
 INFO [main] (LoginPopUpTest.java:183)- password passed -->N3HU3<--
 INFO [main] (LoginPopUpTest.java:186)- Log In Button was clicked
I am in onTestFailure method loginPopUpLogInNegativeTest failed
Screenshot captured for test case:loginPopUpLogInNegativeTest
Screenshot taken
ERROR [main] (Reporting.java:88)- loginPopUpLogInNegativeTest--->  Fail
ERROR [main] (Reporting.java:89)- loginPopUpLogInNegativeTest------------------------------------------------
]]></system-out>
    <system-err><![CDATA[Starting ChromeDriver 103.0.5060.53 (a1711811edd74ff1cf2150f36ffa3b0dae40b17f-refs/branch-heads/5060@{#853}) on port 52305
Only local connections are allowed.
Please see https://chromedriver.chromium.org/security-considerations for suggestions on keeping ChromeDriver safe.
ChromeDriver was started successfully.
Jul 08, 2022 5:39:43 PM org.openqa.selenium.remote.ProtocolHandshake createSession
INFO: Detected upstream dialect: W3C
Jul 08, 2022 5:39:43 PM org.openqa.selenium.devtools.CdpVersionFinder findNearestMatch
WARNING: Unable to find an exact match for CDP version 103, so returning the closest version found: 102
Jul 08, 2022 5:39:43 PM org.openqa.selenium.devtools.CdpVersionFinder findNearestMatch
INFO: Found CDP implementation for version 103 of 102
]]></system-err>
  </testcase>
  <testcase name="loginPopUpLogInNegativeTest" classname="testCases.LoginPopUpTest" time="2.47">
    <failure message="expected [false] but found [true]" type="java.lang.AssertionError">java.lang.AssertionError: expected [false] but found [true]
	at org.testng.Assert.fail(Assert.java:110)
	at org.testng.Assert.failNotEquals(Assert.java:1413)
	at org.testng.Assert.assertEqualsImpl(Assert.java:149)
	at org.testng.Assert.assertEquals(Assert.java:131)
	at org.testng.Assert.assertEquals(Assert.java:976)
	at org.testng.Assert.assertEquals(Assert.java:1010)
	at testCases.LoginPopUpTest.loginPopUpLogInNegativeTest(LoginPopUpTest.java:191)
</failure>
    <system-out><![CDATA[ INFO [main] (BaseTest.java:75)- Browser closed
 INFO [main] (DriverFactory.java:28)- Browser for test will be chrome as chosen
 INFO [main] (WebDriverManager.java:1197)- Using chromedriver 103.0.5060.53 (resolved driver for Chrome 103)
 INFO [main] (WebDriverManager.java:1252)- Exporting webdriver.chrome.driver as C:\Users\Nerses Khachatryan\.cache\selenium\chromedriver\win32\103.0.5060.53\chromedriver.exe
 INFO [main] (BaseTest.java:54)- Header page elements are initialized
 INFO [main] (BaseTest.java:56)- Login_PopUp_Page login PopUp elements are initialized
 INFO [main] (BaseTest.java:58)- SignUp_PopUp_Page elements are initialized
 INFO [main] (BaseTest.java:60)- Footer Page elements are initialized
 INFO [main] (BaseTest.java:62)- Password recovery Page elements are initialized
 INFO [main] (BaseTest.java:64)- Casino Page elements are initialized
I am in onTestStart method loginPopUpLogInNegativeTest start
 INFO [main] (LoginPopUpTest.java:181)- username passed --> U1630370<--
 INFO [main] (LoginPopUpTest.java:183)- password passed -->N3HU3<--
 INFO [main] (LoginPopUpTest.java:186)- Log In Button was clicked
I am in onTestFailure method loginPopUpLogInNegativeTest failed
Screenshot captured for test case:loginPopUpLogInNegativeTest
Screenshot taken
ERROR [main] (Reporting.java:88)- loginPopUpLogInNegativeTest--->  Fail
ERROR [main] (Reporting.java:89)- loginPopUpLogInNegativeTest------------------------------------------------
]]></system-out>
    <system-err><![CDATA[Starting ChromeDriver 103.0.5060.53 (a1711811edd74ff1cf2150f36ffa3b0dae40b17f-refs/branch-heads/5060@{#853}) on port 57190
Only local connections are allowed.
Please see https://chromedriver.chromium.org/security-considerations for suggestions on keeping ChromeDriver safe.
ChromeDriver was started successfully.
Jul 08, 2022 5:39:50 PM org.openqa.selenium.remote.ProtocolHandshake createSession
INFO: Detected upstream dialect: W3C
Jul 08, 2022 5:39:50 PM org.openqa.selenium.devtools.CdpVersionFinder findNearestMatch
WARNING: Unable to find an exact match for CDP version 103, so returning the closest version found: 102
Jul 08, 2022 5:39:50 PM org.openqa.selenium.devtools.CdpVersionFinder findNearestMatch
INFO: Found CDP implementation for version 103 of 102
]]></system-err>
  </testcase>
  <testcase name="loginPopUpLogInNegativeTest" classname="testCases.LoginPopUpTest" time="180.363"/>
  <testcase name="loginPopUpLogInNegativeTest" classname="testCases.LoginPopUpTest" time="60.369"/>
  <testcase name="loginPopUpErrorMessageValidationInvalidUsername" classname="testCases.LoginPopUpTest" time="1.327"/>
  <testcase name="loginPopUpErrorMessageValidationInvalidPassword" classname="testCases.LoginPopUpTest" time="1.445"/>
</testsuite>