<?xml version="1.0" encoding="UTF-8"?>
<testsuite name="TestSuite" time="49.223" tests="132" errors="0" skipped="118" failures="3">
  <properties>
    <property name="java.runtime.name" value="Java(TM) SE Runtime Environment"/>
    <property name="java.vm.version" value="17.0.2+8-LTS-86"/>
    <property name="sun.boot.library.path" value="C:\Program Files\Java\jdk-17.0.2\bin"/>
    <property name="maven.multiModuleProjectDirectory" value="C:\Users\Nerses Khachatryan\Desktop\Git_craftBet_TestAutomation\CraftBet_JavaFrameWork\craftBetAutomation"/>
    <property name="java.vm.vendor" value="Oracle Corporation"/>
    <property name="java.vendor.url" value="https://java.oracle.com/"/>
    <property name="guice.disable.misplaced.annotation.check" value="true"/>
    <property name="path.separator" value=";"/>
    <property name="java.vm.name" value="Java HotSpot(TM) 64-Bit Server VM"/>
    <property name="sun.os.patch.level" value=""/>
    <property name="user.script" value=""/>
    <property name="user.country" value="US"/>
    <property name="sun.java.launcher" value="SUN_STANDARD"/>
    <property name="java.vm.specification.name" value="Java Virtual Machine Specification"/>
    <property name="user.dir" value="C:\Users\Nerses Khachatryan\Desktop\Git_craftBet_TestAutomation\CraftBet_JavaFrameWork\craftBetAutomation"/>
    <property name="java.vm.compressedOopsMode" value="32-bit"/>
    <property name="java.runtime.version" value="17.0.2+8-LTS-86"/>
    <property name="os.arch" value="amd64"/>
    <property name="java.io.tmpdir" value="C:\Users\NERSES~1\AppData\Local\Temp\"/>
    <property name="line.separator" value="&#10;"/>
    <property name="java.vm.specification.vendor" value="Oracle Corporation"/>
    <property name="user.variant" value=""/>
    <property name="os.name" value="Windows 10"/>
    <property name="classworlds.conf" value="C:\apache-maven-3.8.6-bin\apache-maven-3.8.6\bin\m2.conf"/>
    <property name="sun.jnu.encoding" value="Cp1252"/>
    <property name="java.library.path" value="C:\Program Files\Java\jdk-17.0.2\bin;C:\WINDOWS\Sun\Java\bin;C:\WINDOWS\system32;C:\WINDOWS;C:\Program Files\Common Files\Oracle\Java\javapath;C:\WINDOWS\system32;C:\WINDOWS;C:\WINDOWS\System32\Wbem;C:\WINDOWS\System32\WindowsPowerShell\v1.0\;C:\WINDOWS\System32\OpenSSH\;C:\Program Files\dotnet\;C:\Program Files\Microsoft SQL Server\130\Tools\Binn\;C:\Program Files\Microsoft SQL Server\Client SDK\ODBC\170\Tools\Binn\;C:\Program Files (x86)\Microsoft SQL Server\150\Tools\Binn\;C:\Program Files\Microsoft SQL Server\150\Tools\Binn\;C:\Program Files\Microsoft SQL Server\150\DTS\Binn\;C:\Program Files (x86)\Microsoft SQL Server\150\DTS\Binn\;C:\Program Files\Seq\;C:\Program Files\Seq\Client\;C:\Program Files\Java\jdk-17.0.2\bin;C:\Program Files\Common Files\Oracle\Java\javapath;C:\Program Files\nodejs\;C:\apache-maven-3.8.6-bin\apache-maven-3.8.6\bin;C:\apache-maven-3.8.6-bin\apache-maven-3.8.6;%M2_HOME%\bin;C:\Program Files\Git\cmd;C:\Users\Nerses Khachatryan\AppData\Local\Microsoft\WindowsApps;C:\Users\Nerses Khachatryan\AppData\Roaming\npm;."/>
    <property name="maven.conf" value="C:\apache-maven-3.8.6-bin\apache-maven-3.8.6/conf"/>
    <property name="jdk.debug" value="release"/>
    <property name="java.class.version" value="61.0"/>
    <property name="java.specification.name" value="Java Platform API Specification"/>
    <property name="sun.management.compiler" value="HotSpot 64-Bit Tiered Compilers"/>
    <property name="os.version" value="10.0"/>
    <property name="library.jansi.path" value="C:\apache-maven-3.8.6-bin\apache-maven-3.8.6\lib\jansi-native"/>
    <property name="user.home" value="C:\Users\Nerses Khachatryan"/>
    <property name="user.timezone" value="Asia/Yerevan"/>
    <property name="file.encoding" value="Cp1252"/>
    <property name="java.specification.version" value="17"/>
    <property name="user.name" value="Nerses Khachatryan"/>
    <property name="java.class.path" value="C:\apache-maven-3.8.6-bin\apache-maven-3.8.6\boot\plexus-classworlds-2.6.0.jar"/>
    <property name="java.vm.specification.version" value="17"/>
    <property name="sun.arch.data.model" value="64"/>
    <property name="sun.java.command" value="org.codehaus.plexus.classworlds.launcher.Launcher clean install"/>
    <property name="java.home" value="C:\Program Files\Java\jdk-17.0.2"/>
    <property name="user.language" value="en"/>
    <property name="java.specification.vendor" value="Oracle Corporation"/>
    <property name="java.vm.info" value="mixed mode, sharing"/>
    <property name="java.version" value="17.0.2"/>
    <property name="native.encoding" value="Cp1252"/>
    <property name="java.vendor" value="Oracle Corporation"/>
    <property name="sun.stderr.encoding" value="cp437"/>
    <property name="maven.home" value="C:\apache-maven-3.8.6-bin\apache-maven-3.8.6"/>
    <property name="file.separator" value="\"/>
    <property name="java.version.date" value="2022-01-18"/>
    <property name="java.vendor.url.bug" value="https://bugreport.java.com/bugreport/"/>
    <property name="sun.io.unicode.encoding" value="UnicodeLittle"/>
    <property name="sun.cpu.endian" value="little"/>
    <property name="sun.stdout.encoding" value="cp437"/>
    <property name="sun.cpu.isalist" value="amd64"/>
  </properties>
  <testcase name="loginPopUpLabelsPresenceVerification_Test" classname="testCases.LoginPopUpTest" time="0.595"/>
  <testcase name="goToLoginPopUp" classname="testCases.LoginPopUpTest" time="27.726">
    <failure message="Expected condition failed: waiting for visibility of Proxy element for: DefaultElementLocator &apos;By.xpath: //button[@class = &apos;global_login-btn button-style2-type-btn&apos;]&apos; (tried for 5 second(s) with 500 milliseconds interval)" type="org.openqa.selenium.TimeoutException">org.openqa.selenium.TimeoutException: Expected condition failed: waiting for visibility of Proxy element for: DefaultElementLocator 'By.xpath: //button[@class = 'global_login-btn button-style2-type-btn']' (tried for 5 second(s) with 500 milliseconds interval)
	at java.base/jdk.internal.reflect.NativeConstructorAccessorImpl.newInstance0(Native Method)
	at java.base/jdk.internal.reflect.NativeConstructorAccessorImpl.newInstance(NativeConstructorAccessorImpl.java:77)
	at java.base/jdk.internal.reflect.DelegatingConstructorAccessorImpl.newInstance(DelegatingConstructorAccessorImpl.java:45)
	at java.base/java.lang.reflect.Constructor.newInstanceWithCaller(Constructor.java:499)
	at java.base/java.lang.reflect.Constructor.newInstance(Constructor.java:480)
	at org.openqa.selenium.remote.codec.w3c.W3CHttpResponseCodec.createException(W3CHttpResponseCodec.java:200)
	at org.openqa.selenium.remote.codec.w3c.W3CHttpResponseCodec.decode(W3CHttpResponseCodec.java:133)
	at org.openqa.selenium.remote.codec.w3c.W3CHttpResponseCodec.decode(W3CHttpResponseCodec.java:53)
	at org.openqa.selenium.remote.HttpCommandExecutor.execute(HttpCommandExecutor.java:184)
	at org.openqa.selenium.remote.service.DriverCommandExecutor.invokeExecute(DriverCommandExecutor.java:167)
	at org.openqa.selenium.remote.service.DriverCommandExecutor.execute(DriverCommandExecutor.java:142)
	at org.openqa.selenium.remote.RemoteWebDriver.execute(RemoteWebDriver.java:551)
	at org.openqa.selenium.remote.ElementLocation$ElementFinder$2.findElement(ElementLocation.java:162)
	at org.openqa.selenium.remote.ElementLocation.findElement(ElementLocation.java:60)
	at org.openqa.selenium.remote.RemoteWebDriver.findElement(RemoteWebDriver.java:369)
	at org.openqa.selenium.remote.RemoteWebDriver.findElement(RemoteWebDriver.java:361)
	at org.openqa.selenium.support.pagefactory.DefaultElementLocator.findElement(DefaultElementLocator.java:70)
	at org.openqa.selenium.support.pagefactory.internal.LocatingElementHandler.invoke(LocatingElementHandler.java:39)
	at jdk.proxy2/jdk.proxy2.$Proxy19.isDisplayed(Unknown Source)
	at org.openqa.selenium.support.ui.ExpectedConditions.elementIfVisible(ExpectedConditions.java:307)
	at org.openqa.selenium.support.ui.ExpectedConditions.access$000(ExpectedConditions.java:40)
	at org.openqa.selenium.support.ui.ExpectedConditions$10.apply(ExpectedConditions.java:293)
	at org.openqa.selenium.support.ui.ExpectedConditions$10.apply(ExpectedConditions.java:290)
	at org.openqa.selenium.support.ui.FluentWait.until(FluentWait.java:208)
	at pageObjects.BasePage.waitElementToBeVisible(BasePage.java:73)
	at pageObjects.BasePage.clickOnElementIfVisible(BasePage.java:84)
	at pageObjects.CraftBet_Header_Page.clickOnLogInButtonIfVisible(CraftBet_Header_Page.java:74)
	at testCases.LoginPopUpTest.goToLoginPopUp(LoginPopUpTest.java:21)
</failure>
    <system-out><![CDATA[ INFO [main] (BaseTest.java:76)- Browser closed
 INFO [main] (DriverFactory.java:28)- Browser for test will be chrome as chosen
 INFO [main] (WebDriverManager.java:1197)- Using chromedriver 103.0.5060.53 (resolved driver for Chrome 103)
 INFO [main] (WebDriverManager.java:1252)- Exporting webdriver.chrome.driver as C:\Users\Nerses Khachatryan\.cache\selenium\chromedriver\win32\103.0.5060.53\chromedriver.exe
 INFO [main] (BaseTest.java:55)- Header page elements are initialized
 INFO [main] (BaseTest.java:57)- Login_PopUp_Page login PopUp elements are initialized
 INFO [main] (BaseTest.java:59)- SignUp_PopUp_Page elements are initialized
 INFO [main] (BaseTest.java:61)- Footer Page elements are initialized
 INFO [main] (BaseTest.java:63)- Password recovery Page elements are initialized
 INFO [main] (BaseTest.java:65)- Casino Page elements are initialized
]]></system-out>
    <system-err><![CDATA[Starting ChromeDriver 103.0.5060.53 (a1711811edd74ff1cf2150f36ffa3b0dae40b17f-refs/branch-heads/5060@{#853}) on port 52774
Only local connections are allowed.
Please see https://chromedriver.chromium.org/security-considerations for suggestions on keeping ChromeDriver safe.
ChromeDriver was started successfully.
Jul 13, 2022 11:38:54 AM org.openqa.selenium.remote.ProtocolHandshake createSession
INFO: Detected upstream dialect: W3C
Jul 13, 2022 11:38:54 AM org.openqa.selenium.devtools.CdpVersionFinder findNearestMatch
WARNING: Unable to find an exact match for CDP version 103, so returning the closest version found: 102
Jul 13, 2022 11:38:54 AM org.openqa.selenium.devtools.CdpVersionFinder findNearestMatch
INFO: Found CDP implementation for version 103 of 102
]]></system-err>
  </testcase>
  <testcase name="goToLoginPopUp" classname="testCases.LoginPopUpTest" time="0">
    <skipped/>
  </testcase>
  <testcase name="goToLoginPopUp" classname="testCases.LoginPopUpTest" time="0">
    <skipped/>
  </testcase>
  <testcase name="goToLoginPopUp" classname="testCases.LoginPopUpTest" time="0">
    <skipped/>
  </testcase>
  <testcase name="goToLoginPopUp" classname="testCases.LoginPopUpTest" time="0">
    <skipped/>
  </testcase>
  <testcase name="goToLoginPopUp" classname="testCases.LoginPopUpTest" time="0">
    <skipped/>
  </testcase>
  <testcase name="goToLoginPopUp" classname="testCases.LoginPopUpTest" time="0">
    <skipped/>
  </testcase>
  <testcase name="goToLoginPopUp" classname="testCases.LoginPopUpTest" time="0">
    <skipped/>
  </testcase>
  <testcase name="goToLoginPopUp" classname="testCases.LoginPopUpTest" time="0">
    <skipped/>
  </testcase>
  <testcase name="goToLoginPopUp" classname="testCases.LoginPopUpTest" time="0">
    <skipped/>
  </testcase>
  <testcase name="goToLoginPopUp" classname="testCases.LoginPopUpTest" time="0">
    <skipped/>
  </testcase>
  <testcase name="goToLoginPopUp" classname="testCases.LoginPopUpTest" time="0">
    <skipped/>
  </testcase>
  <testcase name="goToLoginPopUp" classname="testCases.LoginPopUpTest" time="0">
    <skipped/>
  </testcase>
  <testcase name="goToLoginPopUp" classname="testCases.LoginPopUpTest" time="0">
    <skipped/>
  </testcase>
  <testcase name="goToLoginPopUp" classname="testCases.LoginPopUpTest" time="0">
    <skipped/>
  </testcase>
  <testcase name="goToLoginPopUp" classname="testCases.LoginPopUpTest" time="0">
    <skipped/>
  </testcase>
  <testcase name="goToLoginPopUp" classname="testCases.LoginPopUpTest" time="0">
    <skipped/>
  </testcase>
  <testcase name="goToLoginPopUp" classname="testCases.LoginPopUpTest" time="0">
    <skipped/>
  </testcase>
  <testcase name="goToLoginPopUp" classname="testCases.LoginPopUpTest" time="0">
    <skipped/>
  </testcase>
  <testcase name="goToLoginPopUp" classname="testCases.LoginPopUpTest" time="0">
    <skipped/>
  </testcase>
  <testcase name="loginPopUpLogoPresenceVerification_Test" classname="testCases.LoginPopUpTest" time="0">
    <skipped/>
    <system-out><![CDATA[I am in onTestStart method loginPopUpLogoPresenceVerification_Test start
I am in onTestSkipped method loginPopUpLogoPresenceVerification_Test skipped
 WARN [main] (Reporting.java:95)- loginPopUpLogoPresenceVerification_Test--->  Skipped
 WARN [main] (Reporting.java:96)- loginPopUpLogoPresenceVerification_Test------------------------------------------------
]]></system-out>
  </testcase>
  <testcase name="tearDown" classname="testCases.LoginPopUpTest" time="0">
    <skipped/>
  </testcase>
  <testcase name="tearDown" classname="testCases.LoginPopUpTest" time="0">
    <skipped/>
  </testcase>
  <testcase name="tearDown" classname="testCases.LoginPopUpTest" time="0">
    <skipped/>
  </testcase>
  <testcase name="tearDown" classname="testCases.LoginPopUpTest" time="0">
    <skipped/>
  </testcase>
  <testcase name="tearDown" classname="testCases.LoginPopUpTest" time="0">
    <skipped/>
  </testcase>
  <testcase name="tearDown" classname="testCases.LoginPopUpTest" time="0">
    <skipped/>
  </testcase>
  <testcase name="tearDown" classname="testCases.LoginPopUpTest" time="0">
    <skipped/>
  </testcase>
  <testcase name="tearDown" classname="testCases.LoginPopUpTest" time="0">
    <skipped/>
  </testcase>
  <testcase name="tearDown" classname="testCases.LoginPopUpTest" time="0">
    <skipped/>
  </testcase>
  <testcase name="tearDown" classname="testCases.LoginPopUpTest" time="0">
    <skipped/>
  </testcase>
  <testcase name="tearDown" classname="testCases.LoginPopUpTest" time="0">
    <skipped/>
  </testcase>
  <testcase name="tearDown" classname="testCases.LoginPopUpTest" time="0">
    <skipped/>
  </testcase>
  <testcase name="tearDown" classname="testCases.LoginPopUpTest" time="0">
    <skipped/>
  </testcase>
  <testcase name="tearDown" classname="testCases.LoginPopUpTest" time="0">
    <skipped/>
  </testcase>
  <testcase name="tearDown" classname="testCases.LoginPopUpTest" time="0">
    <skipped/>
  </testcase>
  <testcase name="tearDown" classname="testCases.LoginPopUpTest" time="0">
    <skipped/>
  </testcase>
  <testcase name="tearDown" classname="testCases.LoginPopUpTest" time="0">
    <skipped/>
  </testcase>
  <testcase name="tearDown" classname="testCases.LoginPopUpTest" time="0">
    <skipped/>
  </testcase>
  <testcase name="tearDown" classname="testCases.LoginPopUpTest" time="0">
    <skipped/>
  </testcase>
  <testcase name="tearDown" classname="testCases.LoginPopUpTest" time="0">
    <skipped/>
  </testcase>
  <testcase name="setup" classname="testCases.LoginPopUpTest" time="0">
    <skipped/>
  </testcase>
  <testcase name="setup" classname="testCases.LoginPopUpTest" time="0">
    <skipped/>
  </testcase>
  <testcase name="setup" classname="testCases.LoginPopUpTest" time="0">
    <skipped/>
  </testcase>
  <testcase name="setup" classname="testCases.LoginPopUpTest" time="0">
    <skipped/>
  </testcase>
  <testcase name="setup" classname="testCases.LoginPopUpTest" time="0">
    <skipped/>
  </testcase>
  <testcase name="setup" classname="testCases.LoginPopUpTest" time="0">
    <skipped/>
  </testcase>
  <testcase name="setup" classname="testCases.LoginPopUpTest" time="0">
    <skipped/>
  </testcase>
  <testcase name="setup" classname="testCases.LoginPopUpTest" time="0">
    <skipped/>
  </testcase>
  <testcase name="setup" classname="testCases.LoginPopUpTest" time="0">
    <skipped/>
  </testcase>
  <testcase name="setup" classname="testCases.LoginPopUpTest" time="0">
    <skipped/>
  </testcase>
  <testcase name="setup" classname="testCases.LoginPopUpTest" time="0">
    <skipped/>
  </testcase>
  <testcase name="setup" classname="testCases.LoginPopUpTest" time="0">
    <skipped/>
  </testcase>
  <testcase name="setup" classname="testCases.LoginPopUpTest" time="0">
    <skipped/>
  </testcase>
  <testcase name="setup" classname="testCases.LoginPopUpTest" time="0">
    <skipped/>
  </testcase>
  <testcase name="setup" classname="testCases.LoginPopUpTest" time="0">
    <skipped/>
  </testcase>
  <testcase name="setup" classname="testCases.LoginPopUpTest" time="0">
    <skipped/>
  </testcase>
  <testcase name="setup" classname="testCases.LoginPopUpTest" time="0">
    <skipped/>
  </testcase>
  <testcase name="setup" classname="testCases.LoginPopUpTest" time="0">
    <skipped/>
  </testcase>
  <testcase name="setup" classname="testCases.LoginPopUpTest" time="0">
    <skipped/>
  </testcase>
  <testcase name="loginPopUpCloseButtonFunctionality_Test" classname="testCases.LoginPopUpTest" time="0">
    <skipped/>
    <system-out><![CDATA[I am in onTestStart method loginPopUpCloseButtonFunctionality_Test start
I am in onTestSkipped method loginPopUpCloseButtonFunctionality_Test skipped
 WARN [main] (Reporting.java:95)- loginPopUpCloseButtonFunctionality_Test--->  Skipped
 WARN [main] (Reporting.java:96)- loginPopUpCloseButtonFunctionality_Test------------------------------------------------
]]></system-out>
  </testcase>
  <testcase name="loginPopUpEyeButtonFunctionality_Test" classname="testCases.LoginPopUpTest" time="0">
    <skipped/>
    <system-out><![CDATA[I am in onTestStart method loginPopUpEyeButtonFunctionality_Test start
I am in onTestSkipped method loginPopUpEyeButtonFunctionality_Test skipped
 WARN [main] (Reporting.java:95)- loginPopUpEyeButtonFunctionality_Test--->  Skipped
 WARN [main] (Reporting.java:96)- loginPopUpEyeButtonFunctionality_Test------------------------------------------------
]]></system-out>
  </testcase>
  <testcase name="loginPopUpRememberMeLabelClickAbility_Test" classname="testCases.LoginPopUpTest" time="0">
    <skipped/>
    <system-out><![CDATA[I am in onTestStart method loginPopUpRememberMeLabelClickAbility_Test start
I am in onTestSkipped method loginPopUpRememberMeLabelClickAbility_Test skipped
 WARN [main] (Reporting.java:95)- loginPopUpRememberMeLabelClickAbility_Test--->  Skipped
 WARN [main] (Reporting.java:96)- loginPopUpRememberMeLabelClickAbility_Test------------------------------------------------
]]></system-out>
  </testcase>
  <testcase name="loginPopUpCheckBoxClickAbility_Test" classname="testCases.LoginPopUpTest" time="0">
    <skipped/>
    <system-out><![CDATA[I am in onTestStart method loginPopUpCheckBoxClickAbility_Test start
I am in onTestSkipped method loginPopUpCheckBoxClickAbility_Test skipped
 WARN [main] (Reporting.java:95)- loginPopUpCheckBoxClickAbility_Test--->  Skipped
 WARN [main] (Reporting.java:96)- loginPopUpCheckBoxClickAbility_Test------------------------------------------------
]]></system-out>
  </testcase>
  <testcase name="loginPopUpForgotPasswordLink_Test" classname="testCases.LoginPopUpTest" time="0">
    <skipped/>
    <system-out><![CDATA[I am in onTestStart method loginPopUpForgotPasswordLink_Test start
I am in onTestSkipped method loginPopUpForgotPasswordLink_Test skipped
 WARN [main] (Reporting.java:95)- loginPopUpForgotPasswordLink_Test--->  Skipped
 WARN [main] (Reporting.java:96)- loginPopUpForgotPasswordLink_Test------------------------------------------------
]]></system-out>
  </testcase>
  <testcase name="loginPopUpSignUpLink_Test" classname="testCases.LoginPopUpTest" time="0">
    <skipped/>
    <system-out><![CDATA[I am in onTestStart method loginPopUpSignUpLink_Test start
I am in onTestSkipped method loginPopUpSignUpLink_Test skipped
 WARN [main] (Reporting.java:95)- loginPopUpSignUpLink_Test--->  Skipped
 WARN [main] (Reporting.java:96)- loginPopUpSignUpLink_Test------------------------------------------------
]]></system-out>
  </testcase>
  <testcase name="loginPopUpLogInPositiveTest" classname="testCases.LoginPopUpTest" time="0">
    <skipped/>
    <system-out><![CDATA[I am in onTestStart method loginPopUpLogInPositiveTest start
I am in onTestSkipped method loginPopUpLogInPositiveTest skipped
 WARN [main] (Reporting.java:95)- loginPopUpLogInPositiveTest--->  Skipped
 WARN [main] (Reporting.java:96)- loginPopUpLogInPositiveTest------------------------------------------------
]]></system-out>
  </testcase>
  <testcase name="loginPopUpLogInNegativeTest" classname="testCases.LoginPopUpTest" time="0">
    <skipped/>
    <system-out><![CDATA[I am in onTestStart method loginPopUpLogInNegativeTest start
I am in onTestSkipped method loginPopUpLogInNegativeTest skipped
 WARN [main] (Reporting.java:95)- loginPopUpLogInNegativeTest--->  Skipped
 WARN [main] (Reporting.java:96)- loginPopUpLogInNegativeTest------------------------------------------------
]]></system-out>
  </testcase>
  <testcase name="loginPopUpLogInNegativeTest" classname="testCases.LoginPopUpTest" time="0">
    <skipped/>
    <system-out><![CDATA[I am in onTestStart method loginPopUpLogInNegativeTest start
I am in onTestSkipped method loginPopUpLogInNegativeTest skipped
 WARN [main] (Reporting.java:95)- loginPopUpLogInNegativeTest--->  Skipped
 WARN [main] (Reporting.java:96)- loginPopUpLogInNegativeTest------------------------------------------------
]]></system-out>
  </testcase>
  <testcase name="loginPopUpLogInNegativeTest" classname="testCases.LoginPopUpTest" time="0">
    <skipped/>
    <system-out><![CDATA[I am in onTestStart method loginPopUpLogInNegativeTest start
I am in onTestSkipped method loginPopUpLogInNegativeTest skipped
 WARN [main] (Reporting.java:95)- loginPopUpLogInNegativeTest--->  Skipped
 WARN [main] (Reporting.java:96)- loginPopUpLogInNegativeTest------------------------------------------------
]]></system-out>
  </testcase>
  <testcase name="loginPopUpLogInNegativeTest" classname="testCases.LoginPopUpTest" time="0">
    <skipped/>
    <system-out><![CDATA[I am in onTestStart method loginPopUpLogInNegativeTest start
I am in onTestSkipped method loginPopUpLogInNegativeTest skipped
 WARN [main] (Reporting.java:95)- loginPopUpLogInNegativeTest--->  Skipped
 WARN [main] (Reporting.java:96)- loginPopUpLogInNegativeTest------------------------------------------------
]]></system-out>
  </testcase>
  <testcase name="loginPopUpLogInNegativeTest" classname="testCases.LoginPopUpTest" time="0">
    <skipped/>
    <system-out><![CDATA[I am in onTestStart method loginPopUpLogInNegativeTest start
I am in onTestSkipped method loginPopUpLogInNegativeTest skipped
 WARN [main] (Reporting.java:95)- loginPopUpLogInNegativeTest--->  Skipped
 WARN [main] (Reporting.java:96)- loginPopUpLogInNegativeTest------------------------------------------------
]]></system-out>
  </testcase>
  <testcase name="loginPopUpLogInNegativeTest" classname="testCases.LoginPopUpTest" time="0">
    <skipped/>
    <system-out><![CDATA[I am in onTestStart method loginPopUpLogInNegativeTest start
I am in onTestSkipped method loginPopUpLogInNegativeTest skipped
 WARN [main] (Reporting.java:95)- loginPopUpLogInNegativeTest--->  Skipped
 WARN [main] (Reporting.java:96)- loginPopUpLogInNegativeTest------------------------------------------------
]]></system-out>
  </testcase>
  <testcase name="loginPopUpLogInNegativeTest" classname="testCases.LoginPopUpTest" time="0">
    <skipped/>
    <system-out><![CDATA[I am in onTestStart method loginPopUpLogInNegativeTest start
I am in onTestSkipped method loginPopUpLogInNegativeTest skipped
 WARN [main] (Reporting.java:95)- loginPopUpLogInNegativeTest--->  Skipped
 WARN [main] (Reporting.java:96)- loginPopUpLogInNegativeTest------------------------------------------------
]]></system-out>
  </testcase>
  <testcase name="loginPopUpLogInNegativeTest" classname="testCases.LoginPopUpTest" time="0">
    <skipped/>
    <system-out><![CDATA[I am in onTestStart method loginPopUpLogInNegativeTest start
I am in onTestSkipped method loginPopUpLogInNegativeTest skipped
 WARN [main] (Reporting.java:95)- loginPopUpLogInNegativeTest--->  Skipped
 WARN [main] (Reporting.java:96)- loginPopUpLogInNegativeTest------------------------------------------------
]]></system-out>
  </testcase>
  <testcase name="loginPopUpLogInNegativeTest" classname="testCases.LoginPopUpTest" time="0">
    <skipped/>
    <system-out><![CDATA[I am in onTestStart method loginPopUpLogInNegativeTest start
I am in onTestSkipped method loginPopUpLogInNegativeTest skipped
 WARN [main] (Reporting.java:95)- loginPopUpLogInNegativeTest--->  Skipped
 WARN [main] (Reporting.java:96)- loginPopUpLogInNegativeTest------------------------------------------------
]]></system-out>
  </testcase>
  <testcase name="loginPopUpLogInNegativeTest" classname="testCases.LoginPopUpTest" time="0">
    <skipped/>
    <system-out><![CDATA[I am in onTestStart method loginPopUpLogInNegativeTest start
I am in onTestSkipped method loginPopUpLogInNegativeTest skipped
 WARN [main] (Reporting.java:95)- loginPopUpLogInNegativeTest--->  Skipped
 WARN [main] (Reporting.java:96)- loginPopUpLogInNegativeTest------------------------------------------------
]]></system-out>
  </testcase>
  <testcase name="loginPopUpErrorMessageValidationInvalidUsername" classname="testCases.LoginPopUpTest" time="0">
    <skipped/>
    <system-out><![CDATA[I am in onTestStart method loginPopUpErrorMessageValidationInvalidUsername start
I am in onTestSkipped method loginPopUpErrorMessageValidationInvalidUsername skipped
 WARN [main] (Reporting.java:95)- loginPopUpErrorMessageValidationInvalidUsername--->  Skipped
 WARN [main] (Reporting.java:96)- loginPopUpErrorMessageValidationInvalidUsername------------------------------------------------
]]></system-out>
  </testcase>
  <testcase name="loginPopUpErrorMessageValidationInvalidPassword" classname="testCases.LoginPopUpTest" time="0">
    <skipped/>
    <system-out><![CDATA[I am in onTestStart method loginPopUpErrorMessageValidationInvalidPassword start
I am in onTestSkipped method loginPopUpErrorMessageValidationInvalidPassword skipped
 WARN [main] (Reporting.java:95)- loginPopUpErrorMessageValidationInvalidPassword--->  Skipped
 WARN [main] (Reporting.java:96)- loginPopUpErrorMessageValidationInvalidPassword------------------------------------------------
]]></system-out>
  </testcase>
  <testcase name="RecoveryPopUpLabelsPresenceVerification_Test" classname="testCases.PasswordRecoveryTest" time="0.265"/>
  <testcase name="RecoveryPopUpLogoPresenceVerification_Test" classname="testCases.PasswordRecoveryTest" time="0.031"/>
  <testcase name="RecoveryPopUpSupportLink_Test" classname="testCases.PasswordRecoveryTest" time="0.827">
    <failure message="did not expect [https://craftbet.com/forgot-password] but found [https://craftbet.com/forgot-password]" type="java.lang.AssertionError">java.lang.AssertionError: did not expect [https://craftbet.com/forgot-password] but found [https://craftbet.com/forgot-password]
	at org.testng.Assert.fail(Assert.java:110)
	at org.testng.Assert.failEquals(Assert.java:1417)
	at org.testng.Assert.assertNotEqualsImpl(Assert.java:156)
	at org.testng.Assert.assertNotEquals(Assert.java:2033)
	at org.testng.Assert.assertNotEquals(Assert.java:2055)
	at testCases.PasswordRecoveryTest.RecoveryPopUpSupportLink_Test(PasswordRecoveryTest.java:78)
</failure>
    <system-out><![CDATA[ INFO [main] (BaseTest.java:76)- Browser closed
 INFO [main] (DriverFactory.java:28)- Browser for test will be chrome as chosen
 INFO [main] (WebDriverManager.java:1197)- Using chromedriver 103.0.5060.53 (resolved driver for Chrome 103)
 INFO [main] (WebDriverManager.java:1252)- Exporting webdriver.chrome.driver as C:\Users\Nerses Khachatryan\.cache\selenium\chromedriver\win32\103.0.5060.53\chromedriver.exe
 INFO [main] (BaseTest.java:55)- Header page elements are initialized
 INFO [main] (BaseTest.java:57)- Login_PopUp_Page login PopUp elements are initialized
 INFO [main] (BaseTest.java:59)- SignUp_PopUp_Page elements are initialized
 INFO [main] (BaseTest.java:61)- Footer Page elements are initialized
 INFO [main] (BaseTest.java:63)- Password recovery Page elements are initialized
 INFO [main] (BaseTest.java:65)- Casino Page elements are initialized
I am in onTestStart method RecoveryPopUpSupportLink_Test start
 INFO [main] (PasswordRecoveryTest.java:73)- Password recovery page url captured
 INFO [main] (PasswordRecoveryTest.java:75)- Password recovery page support link clicked
 INFO [main] (PasswordRecoveryTest.java:77)- Support page url captured
I am in onTestFailure method RecoveryPopUpSupportLink_Test failed
Screenshot captured for test case:RecoveryPopUpSupportLink_Test
Screenshot taken
ERROR [main] (Reporting.java:88)- RecoveryPopUpSupportLink_Test--->  Fail
ERROR [main] (Reporting.java:89)- RecoveryPopUpSupportLink_Test------------------------------------------------
]]></system-out>
    <system-err><![CDATA[Starting ChromeDriver 103.0.5060.53 (a1711811edd74ff1cf2150f36ffa3b0dae40b17f-refs/branch-heads/5060@{#853}) on port 59633
Only local connections are allowed.
Please see https://chromedriver.chromium.org/security-considerations for suggestions on keeping ChromeDriver safe.
ChromeDriver was started successfully.
Jul 13, 2022 11:39:36 AM org.openqa.selenium.remote.ProtocolHandshake createSession
INFO: Detected upstream dialect: W3C
Jul 13, 2022 11:39:36 AM org.openqa.selenium.devtools.CdpVersionFinder findNearestMatch
WARNING: Unable to find an exact match for CDP version 103, so returning the closest version found: 102
Jul 13, 2022 11:39:36 AM org.openqa.selenium.devtools.CdpVersionFinder findNearestMatch
INFO: Found CDP implementation for version 103 of 102
]]></system-err>
  </testcase>
  <testcase name="RecoveryPopUpPositiveTest" classname="testCases.PasswordRecoveryTest" time="0.696"/>
  <testcase name="RecoveryPopUpNegativeTest" classname="testCases.PasswordRecoveryTest" time="0.216"/>
  <testcase name="RecoveryPopUpNegativeTest" classname="testCases.PasswordRecoveryTest" time="0.207"/>
  <testcase name="RecoveryPopUpNegativeTest" classname="testCases.PasswordRecoveryTest" time="0.232"/>
  <testcase name="RecoveryPopUpNegativeTest" classname="testCases.PasswordRecoveryTest" time="0.199"/>
  <testcase name="RecoveryPopUpNegativeTest" classname="testCases.PasswordRecoveryTest" time="0.317"/>
  <testcase name="RecoveryPopUpNegativeTest" classname="testCases.PasswordRecoveryTest" time="0.245"/>
  <testcase name="SignUpPopUpQuickRegisterLabelsPresenceVerification_Test" classname="testCases.SignUpQuickRegisterTest" time="0.463"/>
  <testcase name="setup" classname="testCases.SignUpQuickRegisterTest" time="18.404">
    <failure message="Expected condition failed: waiting for visibility of [[ChromeDriver: chrome on WINDOWS (8223e9610baf07de9276fb5706b446a9)] -&gt; xpath: //*[@class = &apos;dropdown-style1-type-Dpd&apos;]] (tried for 5 second(s) with 500 milliseconds interval)" type="org.openqa.selenium.TimeoutException">org.openqa.selenium.TimeoutException: Expected condition failed: waiting for visibility of [[ChromeDriver: chrome on WINDOWS (8223e9610baf07de9276fb5706b446a9)] -> xpath: //*[@class = 'dropdown-style1-type-Dpd']] (tried for 5 second(s) with 500 milliseconds interval)
	at org.openqa.selenium.support.ui.WebDriverWait.timeoutException(WebDriverWait.java:87)
	at org.openqa.selenium.support.ui.FluentWait.until(FluentWait.java:231)
	at pageObjects.BasePage.waitElementToBeVisible(BasePage.java:73)
	at pageObjects.BasePage.clickOnElementIfVisible(BasePage.java:84)
	at pageObjects.CraftBet_Header_Page.selectEnglishLanguageFromDropDown(CraftBet_Header_Page.java:90)
	at testCases.BaseTest.setup(BaseTest.java:69)
	at java.base/jdk.internal.reflect.NativeMethodAccessorImpl.invoke0(Native Method)
	at java.base/jdk.internal.reflect.NativeMethodAccessorImpl.invoke(NativeMethodAccessorImpl.java:77)
	at java.base/jdk.internal.reflect.DelegatingMethodAccessorImpl.invoke(DelegatingMethodAccessorImpl.java:43)
	at java.base/java.lang.reflect.Method.invoke(Method.java:568)
	at org.testng.internal.invokers.MethodInvocationHelper.invokeMethod(MethodInvocationHelper.java:139)
	at org.testng.internal.invokers.MethodInvocationHelper.invokeMethodConsideringTimeout(MethodInvocationHelper.java:69)
	at org.testng.internal.invokers.ConfigInvoker.invokeConfigurationMethod(ConfigInvoker.java:361)
	at org.testng.internal.invokers.ConfigInvoker.invokeConfigurations(ConfigInvoker.java:296)
	at org.testng.internal.invokers.TestInvoker.runConfigMethods(TestInvoker.java:816)
	at org.testng.internal.invokers.TestInvoker.invokeMethod(TestInvoker.java:590)
	at org.testng.internal.invokers.TestInvoker.invokeTestMethod(TestInvoker.java:221)
	at org.testng.internal.invokers.MethodRunner.runInSequence(MethodRunner.java:50)
	at org.testng.internal.invokers.TestInvoker$MethodInvocationAgent.invoke(TestInvoker.java:962)
	at org.testng.internal.invokers.TestInvoker.invokeTestMethods(TestInvoker.java:194)
	at org.testng.internal.invokers.TestMethodWorker.invokeTestMethods(TestMethodWorker.java:148)
	at org.testng.internal.invokers.TestMethodWorker.run(TestMethodWorker.java:128)
	at java.base/java.util.ArrayList.forEach(ArrayList.java:1511)
	at org.testng.TestRunner.privateRun(TestRunner.java:806)
	at org.testng.TestRunner.run(TestRunner.java:601)
	at org.testng.SuiteRunner.runTest(SuiteRunner.java:433)
	at org.testng.SuiteRunner.runSequentially(SuiteRunner.java:427)
	at org.testng.SuiteRunner.privateRun(SuiteRunner.java:387)
	at org.testng.SuiteRunner.run(SuiteRunner.java:330)
	at org.testng.SuiteRunnerWorker.runSuite(SuiteRunnerWorker.java:52)
	at org.testng.SuiteRunnerWorker.run(SuiteRunnerWorker.java:95)
	at org.testng.TestNG.runSuitesSequentially(TestNG.java:1256)
	at org.testng.TestNG.runSuitesLocally(TestNG.java:1176)
	at org.testng.TestNG.runSuites(TestNG.java:1099)
	at org.testng.TestNG.run(TestNG.java:1067)
	at org.apache.maven.surefire.testng.TestNGExecutor.run(TestNGExecutor.java:295)
	at org.apache.maven.surefire.testng.TestNGXmlTestSuite.execute(TestNGXmlTestSuite.java:84)
	at org.apache.maven.surefire.testng.TestNGProvider.invoke(TestNGProvider.java:90)
	at org.apache.maven.surefire.booter.ForkedBooter.invokeProviderInSameClassLoader(ForkedBooter.java:203)
	at org.apache.maven.surefire.booter.ForkedBooter.runSuitesInProcess(ForkedBooter.java:155)
	at org.apache.maven.surefire.booter.ForkedBooter.main(ForkedBooter.java:103)
Caused by: org.openqa.selenium.NoSuchElementException: no such element: Unable to locate element: {"method":"xpath","selector":"//*[@class = 'dropdown-style1-type-Dpd']"}
  (Session info: chrome=103.0.5060.114)
For documentation on this error, please visit: https://selenium.dev/exceptions/#no_such_element
Build info: version: '4.2.1', revision: 'ac4d0fdd4a'
System info: host: 'DESKTOP-PO3T4V3', ip: '10.50.17.113', os.name: 'Windows 10', os.arch: 'amd64', os.version: '10.0', java.version: '17.0.2'
Driver info: org.openqa.selenium.chrome.ChromeDriver
Command: [8223e9610baf07de9276fb5706b446a9, findElement {using=xpath, value=//*[@class = 'dropdown-style1-type-Dpd']}]
Capabilities {acceptInsecureCerts: false, browserName: chrome, browserVersion: 103.0.5060.114, chrome: {chromedriverVersion: 103.0.5060.53 (a1711811edd7..., userDataDir: C:\Users\NERSES~1\AppData\L...}, goog:chromeOptions: {debuggerAddress: localhost:63124}, networkConnectionEnabled: false, pageLoadStrategy: normal, platformName: WINDOWS, proxy: Proxy(), se:cdp: ws://localhost:63124/devtoo..., se:cdpVersion: 103.0.5060.114, setWindowRect: true, strictFileInteractability: false, timeouts: {implicit: 0, pageLoad: 300000, script: 30000}, unhandledPromptBehavior: dismiss and notify, webauthn:extension:credBlob: true, webauthn:extension:largeBlob: true, webauthn:virtualAuthenticators: true}
Session ID: 8223e9610baf07de9276fb5706b446a9
	at java.base/jdk.internal.reflect.NativeConstructorAccessorImpl.newInstance0(Native Method)
	at java.base/jdk.internal.reflect.NativeConstructorAccessorImpl.newInstance(NativeConstructorAccessorImpl.java:77)
	at java.base/jdk.internal.reflect.DelegatingConstructorAccessorImpl.newInstance(DelegatingConstructorAccessorImpl.java:45)
	at java.base/java.lang.reflect.Constructor.newInstanceWithCaller(Constructor.java:499)
	at java.base/java.lang.reflect.Constructor.newInstance(Constructor.java:480)
	at org.openqa.selenium.remote.codec.w3c.W3CHttpResponseCodec.createException(W3CHttpResponseCodec.java:200)
	at org.openqa.selenium.remote.codec.w3c.W3CHttpResponseCodec.decode(W3CHttpResponseCodec.java:133)
	at org.openqa.selenium.remote.codec.w3c.W3CHttpResponseCodec.decode(W3CHttpResponseCodec.java:53)
	at org.openqa.selenium.remote.HttpCommandExecutor.execute(HttpCommandExecutor.java:184)
	at org.openqa.selenium.remote.service.DriverCommandExecutor.invokeExecute(DriverCommandExecutor.java:167)
	at org.openqa.selenium.remote.service.DriverCommandExecutor.execute(DriverCommandExecutor.java:142)
	at org.openqa.selenium.remote.RemoteWebDriver.execute(RemoteWebDriver.java:551)
	at org.openqa.selenium.remote.ElementLocation$ElementFinder$2.findElement(ElementLocation.java:162)
	at org.openqa.selenium.remote.ElementLocation.findElement(ElementLocation.java:60)
	at org.openqa.selenium.remote.RemoteWebDriver.findElement(RemoteWebDriver.java:369)
	at org.openqa.selenium.remote.RemoteWebDriver.findElement(RemoteWebDriver.java:361)
	at org.openqa.selenium.support.pagefactory.DefaultElementLocator.findElement(DefaultElementLocator.java:70)
	at org.openqa.selenium.support.pagefactory.internal.LocatingElementHandler.invoke(LocatingElementHandler.java:39)
	at jdk.proxy2/jdk.proxy2.$Proxy19.isDisplayed(Unknown Source)
	at org.openqa.selenium.support.ui.ExpectedConditions.elementIfVisible(ExpectedConditions.java:307)
	at org.openqa.selenium.support.ui.ExpectedConditions.access$000(ExpectedConditions.java:40)
	at org.openqa.selenium.support.ui.ExpectedConditions$10.apply(ExpectedConditions.java:293)
	at org.openqa.selenium.support.ui.ExpectedConditions$10.apply(ExpectedConditions.java:290)
	at org.openqa.selenium.support.ui.FluentWait.until(FluentWait.java:208)
	at pageObjects.BasePage.waitElementToBeVisible(BasePage.java:73)
	at pageObjects.BasePage.clickOnElementIfVisible(BasePage.java:84)
	at pageObjects.CraftBet_Header_Page.selectEnglishLanguageFromDropDown(CraftBet_Header_Page.java:90)
	at testCases.BaseTest.setup(BaseTest.java:69)
	at java.base/jdk.internal.reflect.NativeMethodAccessorImpl.invoke0(Native Method)
	at java.base/jdk.internal.reflect.NativeMethodAccessorImpl.invoke(NativeMethodAccessorImpl.java:77)
	at java.base/jdk.internal.reflect.DelegatingMethodAccessorImpl.invoke(DelegatingMethodAccessorImpl.java:43)
	at java.base/java.lang.reflect.Method.invoke(Method.java:568)
	at org.testng.internal.invokers.MethodInvocationHelper.invokeMethod(MethodInvocationHelper.java:139)
	at org.testng.internal.invokers.MethodInvocationHelper.invokeMethodConsideringTimeout(MethodInvocationHelper.java:69)
	at org.testng.internal.invokers.ConfigInvoker.invokeConfigurationMethod(ConfigInvoker.java:361)
	at org.testng.internal.invokers.ConfigInvoker.invokeConfigurations(ConfigInvoker.java:296)
	at org.testng.internal.invokers.TestInvoker.runConfigMethods(TestInvoker.java:816)
	at org.testng.internal.invokers.TestInvoker.invokeMethod(TestInvoker.java:590)
	at org.testng.internal.invokers.TestInvoker.invokeTestMethod(TestInvoker.java:221)
	at org.testng.internal.invokers.MethodRunner.runInSequence(MethodRunner.java:50)
	at org.testng.internal.invokers.TestInvoker$MethodInvocationAgent.invoke(TestInvoker.java:962)
	at org.testng.internal.invokers.TestInvoker.invokeTestMethods(TestInvoker.java:194)
	at org.testng.internal.invokers.TestMethodWorker.invokeTestMethods(TestMethodWorker.java:148)
	at org.testng.internal.invokers.TestMethodWorker.run(TestMethodWorker.java:128)
	at java.base/java.util.ArrayList.forEach(ArrayList.java:1511)
	at org.testng.TestRunner.privateRun(TestRunner.java:806)
	at org.testng.TestRunner.run(TestRunner.java:601)
	at org.testng.SuiteRunner.runTest(SuiteRunner.java:433)
	at org.testng.SuiteRunner.runSequentially(SuiteRunner.java:427)
	at org.testng.SuiteRunner.privateRun(SuiteRunner.java:387)
	at org.testng.SuiteRunner.run(SuiteRunner.java:330)
	at org.testng.SuiteRunnerWorker.runSuite(SuiteRunnerWorker.java:52)
	at org.testng.SuiteRunnerWorker.run(SuiteRunnerWorker.java:95)
	at org.testng.TestNG.runSuitesSequentially(TestNG.java:1256)
	at org.testng.TestNG.runSuitesLocally(TestNG.java:1176)
	at org.testng.TestNG.runSuites(TestNG.java:1099)
	at org.testng.TestNG.run(TestNG.java:1067)
	at org.apache.maven.surefire.testng.TestNGExecutor.run(TestNGExecutor.java:295)
	at org.apache.maven.surefire.testng.TestNGXmlTestSuite.execute(TestNGXmlTestSuite.java:84)
	at org.apache.maven.surefire.testng.TestNGProvider.invoke(TestNGProvider.java:90)
	at org.apache.maven.surefire.booter.ForkedBooter.invokeProviderInSameClassLoader(ForkedBooter.java:203)
	at org.apache.maven.surefire.booter.ForkedBooter.runSuitesInProcess(ForkedBooter.java:155)
	at org.apache.maven.surefire.booter.ForkedBooter.main(ForkedBooter.java:103)
</failure>
    <system-out><![CDATA[ INFO [main] (BaseTest.java:76)- Browser closed
 INFO [main] (DriverFactory.java:28)- Browser for test will be chrome as chosen
 INFO [main] (WebDriverManager.java:1197)- Using chromedriver 103.0.5060.53 (resolved driver for Chrome 103)
 INFO [main] (WebDriverManager.java:1252)- Exporting webdriver.chrome.driver as C:\Users\Nerses Khachatryan\.cache\selenium\chromedriver\win32\103.0.5060.53\chromedriver.exe
 INFO [main] (BaseTest.java:55)- Header page elements are initialized
 INFO [main] (BaseTest.java:57)- Login_PopUp_Page login PopUp elements are initialized
 INFO [main] (BaseTest.java:59)- SignUp_PopUp_Page elements are initialized
 INFO [main] (BaseTest.java:61)- Footer Page elements are initialized
 INFO [main] (BaseTest.java:63)- Password recovery Page elements are initialized
 INFO [main] (BaseTest.java:65)- Casino Page elements are initialized
]]></system-out>
    <system-err><![CDATA[Starting ChromeDriver 103.0.5060.53 (a1711811edd74ff1cf2150f36ffa3b0dae40b17f-refs/branch-heads/5060@{#853}) on port 62520
Only local connections are allowed.
Please see https://chromedriver.chromium.org/security-considerations for suggestions on keeping ChromeDriver safe.
ChromeDriver was started successfully.
Jul 13, 2022 11:40:27 AM org.openqa.selenium.remote.ProtocolHandshake createSession
INFO: Detected upstream dialect: W3C
Jul 13, 2022 11:40:27 AM org.openqa.selenium.devtools.CdpVersionFinder findNearestMatch
WARNING: Unable to find an exact match for CDP version 103, so returning the closest version found: 102
Jul 13, 2022 11:40:27 AM org.openqa.selenium.devtools.CdpVersionFinder findNearestMatch
INFO: Found CDP implementation for version 103 of 102
]]></system-err>
  </testcase>
  <testcase name="setup" classname="testCases.SignUpQuickRegisterTest" time="0">
    <skipped/>
  </testcase>
  <testcase name="setup" classname="testCases.SignUpQuickRegisterTest" time="0">
    <skipped/>
  </testcase>
  <testcase name="setup" classname="testCases.SignUpQuickRegisterTest" time="0">
    <skipped/>
  </testcase>
  <testcase name="setup" classname="testCases.SignUpQuickRegisterTest" time="0">
    <skipped/>
  </testcase>
  <testcase name="setup" classname="testCases.SignUpQuickRegisterTest" time="0">
    <skipped/>
  </testcase>
  <testcase name="setup" classname="testCases.SignUpQuickRegisterTest" time="0">
    <skipped/>
  </testcase>
  <testcase name="setup" classname="testCases.SignUpQuickRegisterTest" time="0">
    <skipped/>
  </testcase>
  <testcase name="setup" classname="testCases.SignUpQuickRegisterTest" time="0">
    <skipped/>
  </testcase>
  <testcase name="setup" classname="testCases.SignUpQuickRegisterTest" time="0">
    <skipped/>
  </testcase>
  <testcase name="goToLoginPopUp" classname="testCases.SignUpQuickRegisterTest" time="0">
    <skipped/>
  </testcase>
  <testcase name="goToLoginPopUp" classname="testCases.SignUpQuickRegisterTest" time="0">
    <skipped/>
  </testcase>
  <testcase name="goToLoginPopUp" classname="testCases.SignUpQuickRegisterTest" time="0">
    <skipped/>
  </testcase>
  <testcase name="goToLoginPopUp" classname="testCases.SignUpQuickRegisterTest" time="0">
    <skipped/>
  </testcase>
  <testcase name="goToLoginPopUp" classname="testCases.SignUpQuickRegisterTest" time="0">
    <skipped/>
  </testcase>
  <testcase name="goToLoginPopUp" classname="testCases.SignUpQuickRegisterTest" time="0">
    <skipped/>
  </testcase>
  <testcase name="goToLoginPopUp" classname="testCases.SignUpQuickRegisterTest" time="0">
    <skipped/>
  </testcase>
  <testcase name="goToLoginPopUp" classname="testCases.SignUpQuickRegisterTest" time="0">
    <skipped/>
  </testcase>
  <testcase name="goToLoginPopUp" classname="testCases.SignUpQuickRegisterTest" time="0">
    <skipped/>
  </testcase>
  <testcase name="goToLoginPopUp" classname="testCases.SignUpQuickRegisterTest" time="0">
    <skipped/>
  </testcase>
  <testcase name="SignUpPopUpQuickRegisterLogoPresenceVerification_Test" classname="testCases.SignUpQuickRegisterTest" time="0">
    <skipped/>
    <system-out><![CDATA[I am in onTestStart method SignUpPopUpQuickRegisterLogoPresenceVerification_Test start
I am in onTestSkipped method SignUpPopUpQuickRegisterLogoPresenceVerification_Test skipped
 WARN [main] (Reporting.java:95)- SignUpPopUpQuickRegisterLogoPresenceVerification_Test--->  Skipped
 WARN [main] (Reporting.java:96)- SignUpPopUpQuickRegisterLogoPresenceVerification_Test------------------------------------------------
]]></system-out>
  </testcase>
  <testcase name="tearDown" classname="testCases.SignUpQuickRegisterTest" time="0">
    <skipped/>
  </testcase>
  <testcase name="tearDown" classname="testCases.SignUpQuickRegisterTest" time="0">
    <skipped/>
  </testcase>
  <testcase name="tearDown" classname="testCases.SignUpQuickRegisterTest" time="0">
    <skipped/>
  </testcase>
  <testcase name="tearDown" classname="testCases.SignUpQuickRegisterTest" time="0">
    <skipped/>
  </testcase>
  <testcase name="tearDown" classname="testCases.SignUpQuickRegisterTest" time="0">
    <skipped/>
  </testcase>
  <testcase name="tearDown" classname="testCases.SignUpQuickRegisterTest" time="0">
    <skipped/>
  </testcase>
  <testcase name="tearDown" classname="testCases.SignUpQuickRegisterTest" time="0">
    <skipped/>
  </testcase>
  <testcase name="tearDown" classname="testCases.SignUpQuickRegisterTest" time="0">
    <skipped/>
  </testcase>
  <testcase name="tearDown" classname="testCases.SignUpQuickRegisterTest" time="0">
    <skipped/>
  </testcase>
  <testcase name="tearDown" classname="testCases.SignUpQuickRegisterTest" time="0">
    <skipped/>
  </testcase>
  <testcase name="SignUpPopUpQuickRegisterRegisterByDropDownVerification_Test" classname="testCases.SignUpQuickRegisterTest" time="0">
    <skipped/>
    <system-out><![CDATA[I am in onTestStart method SignUpPopUpQuickRegisterRegisterByDropDownVerification_Test start
I am in onTestSkipped method SignUpPopUpQuickRegisterRegisterByDropDownVerification_Test skipped
 WARN [main] (Reporting.java:95)- SignUpPopUpQuickRegisterRegisterByDropDownVerification_Test--->  Skipped
 WARN [main] (Reporting.java:96)- SignUpPopUpQuickRegisterRegisterByDropDownVerification_Test------------------------------------------------
]]></system-out>
  </testcase>
  <testcase name="SignUpPopUpQuickRegisterRegisterPrivacyPolicy" classname="testCases.SignUpQuickRegisterTest" time="0">
    <skipped/>
    <system-out><![CDATA[I am in onTestStart method SignUpPopUpQuickRegisterRegisterPrivacyPolicy start
I am in onTestSkipped method SignUpPopUpQuickRegisterRegisterPrivacyPolicy skipped
 WARN [main] (Reporting.java:95)- SignUpPopUpQuickRegisterRegisterPrivacyPolicy--->  Skipped
 WARN [main] (Reporting.java:96)- SignUpPopUpQuickRegisterRegisterPrivacyPolicy------------------------------------------------
]]></system-out>
  </testcase>
  <testcase name="SignUpPopUpQuickRegisterNegativeTest" classname="testCases.SignUpQuickRegisterTest" time="0">
    <skipped/>
    <system-out><![CDATA[I am in onTestStart method SignUpPopUpQuickRegisterNegativeTest start
I am in onTestSkipped method SignUpPopUpQuickRegisterNegativeTest skipped
 WARN [main] (Reporting.java:95)- SignUpPopUpQuickRegisterNegativeTest--->  Skipped
 WARN [main] (Reporting.java:96)- SignUpPopUpQuickRegisterNegativeTest------------------------------------------------
]]></system-out>
  </testcase>
  <testcase name="SignUpPopUpQuickRegisterNegativeTest" classname="testCases.SignUpQuickRegisterTest" time="0">
    <skipped/>
    <system-out><![CDATA[I am in onTestStart method SignUpPopUpQuickRegisterNegativeTest start
I am in onTestSkipped method SignUpPopUpQuickRegisterNegativeTest skipped
 WARN [main] (Reporting.java:95)- SignUpPopUpQuickRegisterNegativeTest--->  Skipped
 WARN [main] (Reporting.java:96)- SignUpPopUpQuickRegisterNegativeTest------------------------------------------------
]]></system-out>
  </testcase>
  <testcase name="SignUpPopUpQuickRegisterNegativeTest" classname="testCases.SignUpQuickRegisterTest" time="0">
    <skipped/>
    <system-out><![CDATA[I am in onTestStart method SignUpPopUpQuickRegisterNegativeTest start
I am in onTestSkipped method SignUpPopUpQuickRegisterNegativeTest skipped
 WARN [main] (Reporting.java:95)- SignUpPopUpQuickRegisterNegativeTest--->  Skipped
 WARN [main] (Reporting.java:96)- SignUpPopUpQuickRegisterNegativeTest------------------------------------------------
]]></system-out>
  </testcase>
  <testcase name="SignUpPopUpQuickRegisterNegativeTest" classname="testCases.SignUpQuickRegisterTest" time="0">
    <skipped/>
    <system-out><![CDATA[I am in onTestStart method SignUpPopUpQuickRegisterNegativeTest start
I am in onTestSkipped method SignUpPopUpQuickRegisterNegativeTest skipped
 WARN [main] (Reporting.java:95)- SignUpPopUpQuickRegisterNegativeTest--->  Skipped
 WARN [main] (Reporting.java:96)- SignUpPopUpQuickRegisterNegativeTest------------------------------------------------
]]></system-out>
  </testcase>
  <testcase name="SignUpPopUpQuickRegisterNegativeTest" classname="testCases.SignUpQuickRegisterTest" time="0">
    <skipped/>
    <system-out><![CDATA[I am in onTestStart method SignUpPopUpQuickRegisterNegativeTest start
I am in onTestSkipped method SignUpPopUpQuickRegisterNegativeTest skipped
 WARN [main] (Reporting.java:95)- SignUpPopUpQuickRegisterNegativeTest--->  Skipped
 WARN [main] (Reporting.java:96)- SignUpPopUpQuickRegisterNegativeTest------------------------------------------------
]]></system-out>
  </testcase>
  <testcase name="SignUpPopUpQuickRegisterNegativeTest" classname="testCases.SignUpQuickRegisterTest" time="0">
    <skipped/>
    <system-out><![CDATA[I am in onTestStart method SignUpPopUpQuickRegisterNegativeTest start
I am in onTestSkipped method SignUpPopUpQuickRegisterNegativeTest skipped
 WARN [main] (Reporting.java:95)- SignUpPopUpQuickRegisterNegativeTest--->  Skipped
 WARN [main] (Reporting.java:96)- SignUpPopUpQuickRegisterNegativeTest------------------------------------------------
]]></system-out>
  </testcase>
  <testcase name="SignUpPopUpQuickRegisterPositiveTest" classname="testCases.SignUpQuickRegisterTest" time="0">
    <skipped/>
    <system-out><![CDATA[I am in onTestStart method SignUpPopUpQuickRegisterPositiveTest start
I am in onTestSkipped method SignUpPopUpQuickRegisterPositiveTest skipped
 WARN [main] (Reporting.java:95)- SignUpPopUpQuickRegisterPositiveTest--->  Skipped
 WARN [main] (Reporting.java:96)- SignUpPopUpQuickRegisterPositiveTest------------------------------------------------
]]></system-out>
  </testcase>
  <testcase name="finish" classname="testCases.LoginPopUpTest" time="0">
    <skipped/>
    <system-out><![CDATA[I am in onFinish method testCases.LoginPopUpTest
]]></system-out>
  </testcase>
</testsuite>