<?xml version="1.0" encoding="UTF-8"?>
<testsuite name="TestSuite" time="4.15" tests="4" errors="0" skipped="1" failures="2">
  <properties>
    <property name="java.runtime.name" value="Java(TM) SE Runtime Environment"/>
    <property name="java.vm.version" value="17.0.2+8-LTS-86"/>
    <property name="sun.boot.library.path" value="C:\Program Files\Java\jdk-17.0.2\bin"/>
    <property name="maven.multiModuleProjectDirectory" value="D:\IQsoft\Git_craftBet_javaFrameworkMavenTestNG\CraftBet_JavaFrameWork\craftBetAutomation"/>
    <property name="java.vm.vendor" value="Oracle Corporation"/>
    <property name="java.vendor.url" value="https://java.oracle.com/"/>
    <property name="guice.disable.misplaced.annotation.check" value="true"/>
    <property name="path.separator" value=";"/>
    <property name="java.vm.name" value="Java HotSpot(TM) 64-Bit Server VM"/>
    <property name="sun.os.patch.level" value=""/>
    <property name="user.script" value=""/>
    <property name="user.country" value="US"/>
    <property name="sun.java.launcher" value="SUN_STANDARD"/>
    <property name="java.vm.specification.name" value="Java Virtual Machine Specification"/>
    <property name="user.dir" value="D:\IQsoft\Git_craftBet_javaFrameworkMavenTestNG\CraftBet_JavaFrameWork\craftBetAutomation"/>
    <property name="java.vm.compressedOopsMode" value="Zero based"/>
    <property name="java.runtime.version" value="17.0.2+8-LTS-86"/>
    <property name="os.arch" value="amd64"/>
    <property name="java.io.tmpdir" value="C:\Users\user\AppData\Local\Temp\"/>
    <property name="line.separator" value="&#10;"/>
    <property name="java.vm.specification.vendor" value="Oracle Corporation"/>
    <property name="user.variant" value=""/>
    <property name="os.name" value="Windows 10"/>
    <property name="classworlds.conf" value="C:\apache-maven-3.8.6-bin\apache-maven-3.8.6\bin\m2.conf"/>
    <property name="sun.jnu.encoding" value="Cp1252"/>
    <property name="java.library.path" value="C:\Program Files\Java\jdk-17.0.2\bin;C:\Windows\Sun\Java\bin;C:\Windows\system32;C:\Windows;C:\Program Files\Common Files\Oracle\Java\javapath;C:\Program Files (x86)\Siemens\Automation\SCADA-RT_V11\WinCC\Bin;C:\Program Files\Common Files\Siemens\Automation\Simatic OAM\bin;C:\Program Files (x86)\Common Files\Siemens\Bin;C:\Program Files (x86)\Common Files\Siemens\CommonArchiving;C:\Program Files (x86)\Common Files\Siemens\ACE\Bin;C:\Windows\system32;C:\Windows;C:\Windows\System32\Wbem;C:\Windows\System32\WindowsPowerShell\v1.0\;C:\Windows\System32\OpenSSH\;C:\Program Files (x86)\Common Files\Siemens\;C:\Program Files (x86)\Common Files\Siemens\Interfaces;C:\Program Files (x86)\Common Files\Siemens\ACE\Interfaces;C:\Program Files (x86)\Microsoft SQL Server\Client SDK\ODBC\110\Tools\Binn\;C:\Program Files (x86)\Microsoft SQL Server\120\Tools\Binn\;C:\Program Files (x86)\Microsoft SQL Server\120\DTS\Binn\;C:\Program Files (x86)\Siemens\Automation\SCADA-RT_V11\WinCC\Interfaces;C:\Program Files\nodejs\;C:\Program Files\Java\jdk-17.0.2\bin;C:\apache-maven-3.8.6-bin\apache-maven-3.8.6\bin;C:\Users\user\Desktop\QA_Engineer\3_Programs_and_Apps\gradle\gradle-7.4.1-bin\gradle-7.4.1\bin;C:\Users\user\Desktop\QA_Engineer\3_Programs_and_Apps\allure-commandline-2.17.3\allure-2.17.3\bin;C:\Users\user\AppData\Local\Android\Sdk\tools;C:\Users\user\AppData\Local\Android\Sdk\tools\bin;C:\Users\user\AppData\Local\Android\Sdk\platform-tools;C:\Users\user\AppData\Local\Android\Sdk\build-tools\32.1.0-rc1;C:\Users\user\AppData\Local\Android\Sdk\build-tools\32.1.0-rc1\lld-bin;C:\Users\user\AppData\Local\Android\Sdk\build-tools;C:\apache-maven-3.8.6-bin\apache-maven-3.8.6\;C:\apache-maven-3.8.6-bin\apache-maven-3.8.6\\bin;C:\Program Files\Git\cmd;C:\Program Files\MySQL\MySQL Shell 8.0\bin\;C:\Users\user\AppData\Local\Programs\Python\Python39\Scripts\;C:\Users\user\AppData\Local\Programs\Python\Python39\;C:\Users\user\AppData\Local\Microsoft\WindowsApps;C:\Users\user\AppData\Local\Programs\Microsoft VS Code\bin;C:\Program Files\JetBrains\IntelliJ IDEA Community Edition 2021.3.3\bin;;C:\Users\user\Desktop\QA_Engineer\3_Java_For_Selenium\gradle\gradle-7.4.1-bin\gradle-7.4.1\bin;C:\Users\user\AppData\Local\GitHubDesktop\bin;C:\Users\user\AppData\Roaming\npm;."/>
    <property name="maven.conf" value="C:\apache-maven-3.8.6-bin\apache-maven-3.8.6/conf"/>
    <property name="jdk.debug" value="release"/>
    <property name="java.class.version" value="61.0"/>
    <property name="java.specification.name" value="Java Platform API Specification"/>
    <property name="sun.management.compiler" value="HotSpot 64-Bit Tiered Compilers"/>
    <property name="os.version" value="10.0"/>
    <property name="library.jansi.path" value="C:\apache-maven-3.8.6-bin\apache-maven-3.8.6\lib\jansi-native"/>
    <property name="user.home" value="C:\Users\user"/>
    <property name="user.timezone" value="Asia/Yerevan"/>
    <property name="file.encoding" value="Cp1252"/>
    <property name="java.specification.version" value="17"/>
    <property name="user.name" value="user"/>
    <property name="java.class.path" value="C:\apache-maven-3.8.6-bin\apache-maven-3.8.6\boot\plexus-classworlds-2.6.0.jar"/>
    <property name="java.vm.specification.version" value="17"/>
    <property name="sun.arch.data.model" value="64"/>
    <property name="sun.java.command" value="org.codehaus.plexus.classworlds.launcher.Launcher clean install"/>
    <property name="java.home" value="C:\Program Files\Java\jdk-17.0.2"/>
    <property name="user.language" value="en"/>
    <property name="java.specification.vendor" value="Oracle Corporation"/>
    <property name="java.vm.info" value="mixed mode, sharing"/>
    <property name="java.version" value="17.0.2"/>
    <property name="native.encoding" value="Cp1252"/>
    <property name="java.vendor" value="Oracle Corporation"/>
    <property name="sun.stderr.encoding" value="cp437"/>
    <property name="maven.home" value="C:\apache-maven-3.8.6-bin\apache-maven-3.8.6"/>
    <property name="file.separator" value="\"/>
    <property name="java.version.date" value="2022-01-18"/>
    <property name="java.vendor.url.bug" value="https://bugreport.java.com/bugreport/"/>
    <property name="sun.io.unicode.encoding" value="UnicodeLittle"/>
    <property name="sun.cpu.endian" value="little"/>
    <property name="sun.stdout.encoding" value="cp437"/>
    <property name="sun.cpu.isalist" value="amd64"/>
  </properties>
  <testcase name="TestSuccess" classname="testCases.LoginTest" time="0.399"/>
  <testcase name="testFail" classname="testCases.LoginTest" time="2.048">
    <failure message="expected [true] but found [false]" type="java.lang.AssertionError">java.lang.AssertionError: expected [true] but found [false]
	at org.testng.Assert.fail(Assert.java:110)
	at org.testng.Assert.failNotEquals(Assert.java:1413)
	at org.testng.Assert.assertTrue(Assert.java:56)
	at org.testng.Assert.assertTrue(Assert.java:66)
	at testCases.LoginTest.testFail(LoginTest.java:49)
</failure>
    <system-out><![CDATA[ INFO [main] (BaseTest.java:61)- Browser closed
 INFO [main] (DriverFactory.java:35)- Browser for test will be edge as chosen
 INFO [main] (WebDriverManager.java:1197)- Using msedgedriver 103.0.1264.45 (resolved driver for Edge 103)
 INFO [main] (WebDriverManager.java:1252)- Exporting webdriver.edge.driver as C:\Users\user\.cache\selenium\msedgedriver\win64\103.0.1264.45\msedgedriver.exe
 INFO [main] (BaseTest.java:47)- Home Page header elements are initialized
 INFO [main] (BaseTest.java:49)- Home Page login PopUp elements are initialized
I am in onTestStart method testFail start
 INFO [main] (LoginTest.java:47)- testFail started
I am in onTestFailure method testFail failed
Screenshot captured for test case:testFail
Screenshot taken
ERROR [main] (Reporting.java:87)- testFail--->  Fail
ERROR [main] (Reporting.java:88)- testFail------------------------------------------------
]]></system-out>
    <system-err><![CDATA[Starting Microsoft Edge WebDriver 103.0.1264.45 (c9e1f39b2be4010f667d10fd8cc885f24158fed3) on port 60515
To submit feedback, report a bug, or suggest new features, please visit https://github.com/MicrosoftEdge/EdgeWebDriver

Only local connections are allowed.
Please see https://aka.ms/WebDriverSecurity for suggestions on keeping Microsoft Edge WebDriver safe.

Microsoft Edge WebDriver was started successfully.
Jul 05, 2022 8:26:30 PM org.openqa.selenium.remote.ProtocolHandshake createSession
INFO: Detected upstream dialect: W3C
Jul 05, 2022 8:26:30 PM org.openqa.selenium.devtools.CdpVersionFinder findNearestMatch
WARNING: Unable to find an exact match for CDP version 103, so returning the closest version found: 102
Jul 05, 2022 8:26:30 PM org.openqa.selenium.devtools.CdpVersionFinder findNearestMatch
INFO: Found CDP implementation for version 103 of 102
]]></system-err>
  </testcase>
  <testcase name="testSkipp" classname="testCases.LoginTest" time="0">
    <skipped/>
    <system-out><![CDATA[ INFO [main] (BaseTest.java:61)- Browser closed
 INFO [main] (DriverFactory.java:35)- Browser for test will be edge as chosen
 INFO [main] (WebDriverManager.java:1197)- Using msedgedriver 103.0.1264.45 (resolved driver for Edge 103)
 INFO [main] (WebDriverManager.java:1252)- Exporting webdriver.edge.driver as C:\Users\user\.cache\selenium\msedgedriver\win64\103.0.1264.45\msedgedriver.exe
 INFO [main] (BaseTest.java:47)- Home Page header elements are initialized
 INFO [main] (BaseTest.java:49)- Home Page login PopUp elements are initialized
I am in onTestStart method testSkipp start
 INFO [main] (LoginTest.java:55)- testSkipp started
I am in onTestSkipped method testSkipp skipped
 WARN [main] (Reporting.java:94)- testSkipp--->  Skipped
 WARN [main] (Reporting.java:95)- testSkipp------------------------------------------------
]]></system-out>
    <system-err><![CDATA[Starting Microsoft Edge WebDriver 103.0.1264.45 (c9e1f39b2be4010f667d10fd8cc885f24158fed3) on port 63444
To submit feedback, report a bug, or suggest new features, please visit https://github.com/MicrosoftEdge/EdgeWebDriver

Only local connections are allowed.
Please see https://aka.ms/WebDriverSecurity for suggestions on keeping Microsoft Edge WebDriver safe.

Microsoft Edge WebDriver was started successfully.
Jul 05, 2022 8:26:36 PM org.openqa.selenium.remote.ProtocolHandshake createSession
INFO: Detected upstream dialect: W3C
Jul 05, 2022 8:26:36 PM org.openqa.selenium.devtools.CdpVersionFinder findNearestMatch
WARNING: Unable to find an exact match for CDP version 103, so returning the closest version found: 102
Jul 05, 2022 8:26:36 PM org.openqa.selenium.devtools.CdpVersionFinder findNearestMatch
INFO: Found CDP implementation for version 103 of 102
]]></system-err>
  </testcase>
  <testcase name="loginPopUpGUI_Test" classname="testCases.LoginTest" time="1.703">
    <failure message="The following asserts failed:&#10;	expected [Log In     ] but found [Log In]" type="java.lang.AssertionError">java.lang.AssertionError: The following asserts failed:
	expected [Log In     ] but found [Log In]
	at org.testng.asserts.SoftAssert.assertAll(SoftAssert.java:46)
	at org.testng.asserts.SoftAssert.assertAll(SoftAssert.java:30)
	at testCases.LoginTest.loginPopUpGUI_Test(LoginTest.java:26)
</failure>
    <system-out><![CDATA[ INFO [main] (BaseTest.java:61)- Browser closed
 INFO [main] (DriverFactory.java:35)- Browser for test will be edge as chosen
 INFO [main] (WebDriverManager.java:1197)- Using msedgedriver 103.0.1264.45 (resolved driver for Edge 103)
 INFO [main] (WebDriverManager.java:1252)- Exporting webdriver.edge.driver as C:\Users\user\.cache\selenium\msedgedriver\win64\103.0.1264.45\msedgedriver.exe
 INFO [main] (BaseTest.java:47)- Home Page header elements are initialized
 INFO [main] (BaseTest.java:49)- Home Page login PopUp elements are initialized
I am in onTestStart method loginPopUpGUI_Test start
I am in onTestFailure method loginPopUpGUI_Test failed
Screenshot captured for test case:loginPopUpGUI_Test
Screenshot taken
ERROR [main] (Reporting.java:87)- loginPopUpGUI_Test--->  Fail
ERROR [main] (Reporting.java:88)- loginPopUpGUI_Test------------------------------------------------
]]></system-out>
    <system-err><![CDATA[Starting Microsoft Edge WebDriver 103.0.1264.45 (c9e1f39b2be4010f667d10fd8cc885f24158fed3) on port 58694
To submit feedback, report a bug, or suggest new features, please visit https://github.com/MicrosoftEdge/EdgeWebDriver

Only local connections are allowed.
Please see https://aka.ms/WebDriverSecurity for suggestions on keeping Microsoft Edge WebDriver safe.

Microsoft Edge WebDriver was started successfully.
Jul 05, 2022 8:26:40 PM org.openqa.selenium.remote.ProtocolHandshake createSession
INFO: Detected upstream dialect: W3C
Jul 05, 2022 8:26:40 PM org.openqa.selenium.devtools.CdpVersionFinder findNearestMatch
WARNING: Unable to find an exact match for CDP version 103, so returning the closest version found: 102
Jul 05, 2022 8:26:40 PM org.openqa.selenium.devtools.CdpVersionFinder findNearestMatch
INFO: Found CDP implementation for version 103 of 102
]]></system-err>
  </testcase>
</testsuite>