<?xml version="1.0" encoding="UTF-8"?>
<!-- Generated by org.testng.reporters.JUnitReportReporter -->
<testsuite hostname="DESKTOP-52C1ANV" failures="1" tests="10" name="testCases.PasswordRecoveryTest" time="41.750" errors="0" timestamp="2022-07-09T14:27:30 AMT" skipped="0">
  <testcase classname="testCases.PasswordRecoveryTest" name="RecoveryPopUpLabelsPresenceVerification_Test" time="3.771"/>
  <system-out/>
  <testcase classname="testCases.PasswordRecoveryTest" name="RecoveryPopUpLogoPresenceVerification_Test" time="3.123"/>
  <system-out/>
  <testcase classname="testCases.PasswordRecoveryTest" name="RecoveryPopUpSupportLink_Test" time="4.567">
    <failure message="did not expect [https://craftbet.com/forgot-password] but found [https://craftbet.com/forgot-password]" type="java.lang.AssertionError">
      <![CDATA[java.lang.AssertionError: did not expect [https://craftbet.com/forgot-password] but found [https://craftbet.com/forgot-password]
at org.testng.Assert.fail(Assert.java:110)
at org.testng.Assert.failEquals(Assert.java:1417)
at org.testng.Assert.assertNotEqualsImpl(Assert.java:156)
at org.testng.Assert.assertNotEquals(Assert.java:2033)
at org.testng.Assert.assertNotEquals(Assert.java:2055)
at testCases.PasswordRecoveryTest.RecoveryPopUpSupportLink_Test(PasswordRecoveryTest.java:74)
at java.base/jdk.internal.reflect.NativeMethodAccessorImpl.invoke0(Native Method)
at java.base/jdk.internal.reflect.NativeMethodAccessorImpl.invoke(NativeMethodAccessorImpl.java:77)
at java.base/jdk.internal.reflect.DelegatingMethodAccessorImpl.invoke(DelegatingMethodAccessorImpl.java:43)
at java.base/java.lang.reflect.Method.invoke(Method.java:568)
at org.testng.internal.invokers.MethodInvocationHelper.invokeMethod(MethodInvocationHelper.java:139)
at org.testng.internal.invokers.TestInvoker.invokeMethod(TestInvoker.java:677)
at org.testng.internal.invokers.TestInvoker.invokeTestMethod(TestInvoker.java:221)
at org.testng.internal.invokers.MethodRunner.runInSequence(MethodRunner.java:50)
at org.testng.internal.invokers.TestInvoker$MethodInvocationAgent.invoke(TestInvoker.java:962)
at org.testng.internal.invokers.TestInvoker.invokeTestMethods(TestInvoker.java:194)
at org.testng.internal.invokers.TestMethodWorker.invokeTestMethods(TestMethodWorker.java:148)
at org.testng.internal.invokers.TestMethodWorker.run(TestMethodWorker.java:128)
at java.base/java.util.ArrayList.forEach(ArrayList.java:1511)
at org.testng.TestRunner.privateRun(TestRunner.java:806)
at org.testng.TestRunner.run(TestRunner.java:601)
at org.testng.SuiteRunner.runTest(SuiteRunner.java:433)
at org.testng.SuiteRunner.runSequentially(SuiteRunner.java:427)
at org.testng.SuiteRunner.privateRun(SuiteRunner.java:387)
at org.testng.SuiteRunner.run(SuiteRunner.java:330)
at org.testng.SuiteRunnerWorker.runSuite(SuiteRunnerWorker.java:52)
at org.testng.SuiteRunnerWorker.run(SuiteRunnerWorker.java:95)
at org.testng.TestNG.runSuitesSequentially(TestNG.java:1256)
at org.testng.TestNG.runSuitesLocally(TestNG.java:1176)
at org.testng.TestNG.runSuites(TestNG.java:1099)
at org.testng.TestNG.run(TestNG.java:1067)
at com.intellij.rt.testng.IDEARemoteTestNG.run(IDEARemoteTestNG.java:66)
at com.intellij.rt.testng.RemoteTestNGStarter.main(RemoteTestNGStarter.java:109)
]]>
    </failure>
  </testcase> <!-- RecoveryPopUpSupportLink_Test -->
  <system-out/>
  <testcase classname="testCases.PasswordRecoveryTest" name="RecoveryPopUpPositiveTest" time="4.755"/>
  <system-out/>
  <testcase classname="testCases.PasswordRecoveryTest" name="RecoveryPopUpNegativeTest" time="3.886"/>
  <system-out/>
  <testcase classname="testCases.PasswordRecoveryTest" name="RecoveryPopUpNegativeTest" time="5.122"/>
  <system-out/>
  <testcase classname="testCases.PasswordRecoveryTest" name="RecoveryPopUpNegativeTest" time="3.936"/>
  <system-out/>
  <testcase classname="testCases.PasswordRecoveryTest" name="RecoveryPopUpNegativeTest" time="3.768"/>
  <system-out/>
  <testcase classname="testCases.PasswordRecoveryTest" name="RecoveryPopUpNegativeTest" time="4.450"/>
  <system-out/>
  <testcase classname="testCases.PasswordRecoveryTest" name="RecoveryPopUpNegativeTest" time="4.372"/>
  <system-out/>
</testsuite> <!-- testCases.PasswordRecoveryTest -->
