<?xml version="1.0" encoding="UTF-8"?>
<!-- Generated by org.testng.reporters.JUnitReportReporter -->
<testsuite hostname="DESKTOP-PO3T4V3" failures="0" tests="9" name="testCases.LoginPopUpTest" time="104.596" errors="0" timestamp="2022-07-06T15:58:48 AMT" skipped="0">
  <testcase classname="testCases.LoginPopUpTest" name="loginPopUpHeader_Test" time="6.930"/>
  <system-out/>
  <testcase classname="testCases.LoginPopUpTest" name="loginPopUpLogo_Test" time="7.055"/>
  <system-out/>
  <testcase classname="testCases.LoginPopUpTest" name="loginPopUpCloseButton_Test" time="7.547"/>
  <system-out/>
  <testcase classname="testCases.LoginPopUpTest" name="loginPopUpEmailAndPasswordLabelsValidation" time="7.869"/>
  <system-out/>
  <testcase classname="testCases.LoginPopUpTest" name="loginPopUpLogInPositiveTest" time="10.702"/>
  <system-out/>
  <testcase classname="testCases.LoginPopUpTest" name="loginPopUpLogInNegativeTest1" time="28.285"/>
  <system-out/>
  <testcase classname="testCases.LoginPopUpTest" name="loginPopUpLogInNegativeTest2" time="18.618"/>
  <system-out/>
  <testcase classname="testCases.LoginPopUpTest" name="loginPopUpErrorMessageValidationInvalidUsername" time="9.251"/>
  <system-out/>
  <testcase classname="testCases.LoginPopUpTest" name="loginPopUpErrorMessageValidationInvalidPassword" time="8.339"/>
  <system-out/>
</testsuite> <!-- testCases.LoginPopUpTest -->
