<?xml version="1.0" encoding="UTF-8"?>
<!-- Generated by org.testng.reporters.JUnitReportReporter -->
<testsuite hostname="DESKTOP-PO3T4V3" failures="0" tests="12" name="testCases.SignUpQuickRegisterTest" time="61.567" errors="1" timestamp="2022-07-13T12:43:17 AMT" skipped="9">
  <testcase classname="testCases.SignUpQuickRegisterTest" name="goToLoginPopUp" time="48.615">
    <error message="Session ID is null. Using WebDriver after calling quit()?
Build info: version: &#039;4.2.1&#039;, revision: &#039;ac4d0fdd4a&#039;
System info: host: &#039;DESKTOP-PO3T4V3&#039;, ip: &#039;10.50.17.113&#039;, os.name: &#039;Windows 10&#039;, os.arch: &#039;amd64&#039;, os.version: &#039;10.0&#039;, java.version: &#039;17.0.2&#039;
Driver info: org.openqa.selenium.chrome.ChromeDriver
Command: [null, findElement {using=xpath, value=//button[@class = &#039;global_register-btn button-style1-type-btn&#039;]}]
Capabilities {acceptInsecureCerts: false, browserName: chrome, browserVersion: 103.0.5060.114, chrome: {chromedriverVersion: 103.0.5060.53 (a1711811edd7..., userDataDir: C:\Users\NERSES~1\AppData\L...}, goog:chromeOptions: {debuggerAddress: localhost:51208}, networkConnectionEnabled: false, pageLoadStrategy: normal, platformName: WINDOWS, proxy: Proxy(), se:cdp: ws://localhost:51208/devtoo..., se:cdpVersion: 103.0.5060.114, setWindowRect: true, strictFileInteractability: false, timeouts: {implicit: 0, pageLoad: 300000, script: 30000}, unhandledPromptBehavior: dismiss and notify, webauthn:extension:credBlob: true, webauthn:extension:largeBlob: true, webauthn:virtualAuthenticators: true}" type="org.openqa.selenium.NoSuchSessionException">
      <![CDATA[org.openqa.selenium.NoSuchSessionException: Session ID is null. Using WebDriver after calling quit()?
Build info: version: '4.2.1', revision: 'ac4d0fdd4a'
System info: host: 'DESKTOP-PO3T4V3', ip: '10.50.17.113', os.name: 'Windows 10', os.arch: 'amd64', os.version: '10.0', java.version: '17.0.2'
Driver info: org.openqa.selenium.chrome.ChromeDriver
Command: [null, findElement {using=xpath, value=//button[@class = 'global_register-btn button-style1-type-btn']}]
Capabilities {acceptInsecureCerts: false, browserName: chrome, browserVersion: 103.0.5060.114, chrome: {chromedriverVersion: 103.0.5060.53 (a1711811edd7..., userDataDir: C:\Users\NERSES~1\AppData\L...}, goog:chromeOptions: {debuggerAddress: localhost:51208}, networkConnectionEnabled: false, pageLoadStrategy: normal, platformName: WINDOWS, proxy: Proxy(), se:cdp: ws://localhost:51208/devtoo..., se:cdpVersion: 103.0.5060.114, setWindowRect: true, strictFileInteractability: false, timeouts: {implicit: 0, pageLoad: 300000, script: 30000}, unhandledPromptBehavior: dismiss and notify, webauthn:extension:credBlob: true, webauthn:extension:largeBlob: true, webauthn:virtualAuthenticators: true}
at org.openqa.selenium.remote.HttpCommandExecutor.execute(HttpCommandExecutor.java:145)
at org.openqa.selenium.remote.service.DriverCommandExecutor.invokeExecute(DriverCommandExecutor.java:167)
at org.openqa.selenium.remote.service.DriverCommandExecutor.execute(DriverCommandExecutor.java:142)
at org.openqa.selenium.remote.RemoteWebDriver.execute(RemoteWebDriver.java:551)
at org.openqa.selenium.remote.ElementLocation$ElementFinder$2.findElement(ElementLocation.java:162)
at org.openqa.selenium.remote.ElementLocation.findElement(ElementLocation.java:60)
at org.openqa.selenium.remote.RemoteWebDriver.findElement(RemoteWebDriver.java:369)
at org.openqa.selenium.remote.RemoteWebDriver.findElement(RemoteWebDriver.java:361)
at org.openqa.selenium.support.pagefactory.DefaultElementLocator.findElement(DefaultElementLocator.java:70)
at org.openqa.selenium.support.pagefactory.internal.LocatingElementHandler.invoke(LocatingElementHandler.java:39)
at jdk.proxy2/jdk.proxy2.$Proxy21.isDisplayed(Unknown Source)
at org.openqa.selenium.support.ui.ExpectedConditions.elementIfVisible(ExpectedConditions.java:307)
at org.openqa.selenium.support.ui.ExpectedConditions.access$000(ExpectedConditions.java:40)
at org.openqa.selenium.support.ui.ExpectedConditions$10.apply(ExpectedConditions.java:293)
at org.openqa.selenium.support.ui.ExpectedConditions$10.apply(ExpectedConditions.java:290)
at org.openqa.selenium.support.ui.FluentWait.until(FluentWait.java:208)
at pageObjects.BasePage.waitElementToBeVisible(BasePage.java:73)
at pageObjects.CraftBet_Header_Page.clickOnSignUp(CraftBet_Header_Page.java:20)
at testCases.SignUpQuickRegisterTest.goToLoginPopUp(SignUpQuickRegisterTest.java:18)
at java.base/jdk.internal.reflect.NativeMethodAccessorImpl.invoke0(Native Method)
at java.base/jdk.internal.reflect.NativeMethodAccessorImpl.invoke(NativeMethodAccessorImpl.java:77)
at java.base/jdk.internal.reflect.DelegatingMethodAccessorImpl.invoke(DelegatingMethodAccessorImpl.java:43)
at java.base/java.lang.reflect.Method.invoke(Method.java:568)
at org.testng.internal.invokers.MethodInvocationHelper.invokeMethod(MethodInvocationHelper.java:139)
at org.testng.internal.invokers.MethodInvocationHelper.invokeMethodConsideringTimeout(MethodInvocationHelper.java:69)
at org.testng.internal.invokers.ConfigInvoker.invokeConfigurationMethod(ConfigInvoker.java:361)
at org.testng.internal.invokers.ConfigInvoker.invokeConfigurations(ConfigInvoker.java:296)
at org.testng.internal.invokers.TestInvoker.runConfigMethods(TestInvoker.java:816)
at org.testng.internal.invokers.TestInvoker.invokeMethod(TestInvoker.java:590)
at org.testng.internal.invokers.TestInvoker.invokeTestMethod(TestInvoker.java:221)
at org.testng.internal.invokers.MethodRunner.runInSequence(MethodRunner.java:50)
at org.testng.internal.invokers.TestInvoker$MethodInvocationAgent.invoke(TestInvoker.java:962)
at org.testng.internal.invokers.TestInvoker.invokeTestMethods(TestInvoker.java:194)
at org.testng.internal.invokers.TestMethodWorker.invokeTestMethods(TestMethodWorker.java:148)
at org.testng.internal.invokers.TestMethodWorker.run(TestMethodWorker.java:128)
at java.base/java.util.ArrayList.forEach(ArrayList.java:1511)
at org.testng.TestRunner.privateRun(TestRunner.java:806)
at org.testng.TestRunner.run(TestRunner.java:601)
at org.testng.SuiteRunner.runTest(SuiteRunner.java:433)
at org.testng.SuiteRunner.runSequentially(SuiteRunner.java:427)
at org.testng.SuiteRunner.privateRun(SuiteRunner.java:387)
at org.testng.SuiteRunner.run(SuiteRunner.java:330)
at org.testng.SuiteRunnerWorker.runSuite(SuiteRunnerWorker.java:52)
at org.testng.SuiteRunnerWorker.run(SuiteRunnerWorker.java:95)
at org.testng.TestNG.runSuitesSequentially(TestNG.java:1256)
at org.testng.TestNG.runSuitesLocally(TestNG.java:1176)
at org.testng.TestNG.runSuites(TestNG.java:1099)
at org.testng.TestNG.run(TestNG.java:1067)
at com.intellij.rt.testng.IDEARemoteTestNG.run(IDEARemoteTestNG.java:66)
at com.intellij.rt.testng.RemoteTestNGStarter.main(RemoteTestNGStarter.java:109)
]]>
    </error>
  </testcase> <!-- goToLoginPopUp -->
  <system-out/>
  <testcase classname="testCases.SignUpQuickRegisterTest" name="SignUpPopUpQuickRegisterLabelsPresenceVerification_Test" time="8.459"/>
  <system-out/>
  <testcase classname="testCases.SignUpQuickRegisterTest" name="SignUpPopUpQuickRegisterLogoPresenceVerification_Test" time="4.493"/>
  <system-out/>
  <testcase classname="testCases.SignUpQuickRegisterTest" name="SignUpPopUpQuickRegisterRegisterByDropDownVerification_Test" time="0.000">
    <skipped/>
  </testcase> <!-- SignUpPopUpQuickRegisterRegisterByDropDownVerification_Test -->
  <system-out/>
  <testcase classname="testCases.SignUpQuickRegisterTest" name="SignUpPopUpQuickRegisterRegisterPrivacyPolicy" time="0.000">
    <skipped/>
  </testcase> <!-- SignUpPopUpQuickRegisterRegisterPrivacyPolicy -->
  <system-out/>
  <testcase classname="testCases.SignUpQuickRegisterTest" name="SignUpPopUpQuickRegisterNegativeTest" time="0.000">
    <skipped/>
  </testcase> <!-- SignUpPopUpQuickRegisterNegativeTest -->
  <system-out/>
  <testcase classname="testCases.SignUpQuickRegisterTest" name="SignUpPopUpQuickRegisterPositiveTest" time="0.000">
    <skipped/>
  </testcase> <!-- SignUpPopUpQuickRegisterPositiveTest -->
  <system-out/>
  <testcase classname="testCases.SignUpQuickRegisterTest" name="SignUpPopUpQuickRegisterNegativeTest" time="0.000">
    <skipped/>
  </testcase> <!-- SignUpPopUpQuickRegisterNegativeTest -->
  <system-out/>
  <testcase classname="testCases.SignUpQuickRegisterTest" name="SignUpPopUpQuickRegisterNegativeTest" time="0.000">
    <skipped/>
  </testcase> <!-- SignUpPopUpQuickRegisterNegativeTest -->
  <system-out/>
  <testcase classname="testCases.SignUpQuickRegisterTest" name="SignUpPopUpQuickRegisterNegativeTest" time="0.000">
    <skipped/>
  </testcase> <!-- SignUpPopUpQuickRegisterNegativeTest -->
  <system-out/>
  <testcase classname="testCases.SignUpQuickRegisterTest" name="SignUpPopUpQuickRegisterNegativeTest" time="0.000">
    <skipped/>
  </testcase> <!-- SignUpPopUpQuickRegisterNegativeTest -->
  <system-out/>
  <testcase classname="testCases.SignUpQuickRegisterTest" name="SignUpPopUpQuickRegisterNegativeTest" time="0.000">
    <skipped/>
  </testcase> <!-- SignUpPopUpQuickRegisterNegativeTest -->
  <system-out/>
</testsuite> <!-- testCases.SignUpQuickRegisterTest -->
