<?xml version="1.0" encoding="UTF-8"?>
<!-- Generated by org.testng.reporters.JUnitReportReporter -->
<testsuite hostname="DESKTOP-52C1ANV" failures="0" tests="11" name="testCases.LoginPopUpTest" time="89.756" errors="0" timestamp="2022-07-06T21:42:26 AMT" skipped="0">
  <testcase classname="testCases.LoginPopUpTest" name="loginPopUpLabelsPresenceVerification_Test" time="5.378"/>
  <system-out/>
  <testcase classname="testCases.LoginPopUpTest" name="loginPopUpLogoPresenceVerification_Test" time="5.272"/>
  <system-out/>
  <testcase classname="testCases.LoginPopUpTest" name="loginPopUpCloseButtonFunctionality_Test" time="7.176"/>
  <system-out/>
  <testcase classname="testCases.LoginPopUpTest" name="loginPopUpRememberMeLabelClickAbility_Test" time="8.155"/>
  <system-out/>
  <testcase classname="testCases.LoginPopUpTest" name="loginPopUpLogInPositiveTest" time="8.063"/>
  <system-out/>
  <testcase classname="testCases.LoginPopUpTest" name="loginPopUpCheckBoxClickAbility_Test" time="5.184"/>
  <system-out/>
  <testcase classname="testCases.LoginPopUpTest" name="loginPopUpLogInNegativeTest1" time="15.181"/>
  <system-out/>
  <testcase classname="testCases.LoginPopUpTest" name="loginPopUpLogInNegativeTest2" time="16.529"/>
  <system-out/>
  <testcase classname="testCases.LoginPopUpTest" name="loginPopUpSignUpLink_Test" time="6.312"/>
  <system-out/>
  <testcase classname="testCases.LoginPopUpTest" name="loginPopUpErrorMessageValidationInvalidUsername" time="6.271"/>
  <system-out/>
  <testcase classname="testCases.LoginPopUpTest" name="loginPopUpErrorMessageValidationInvalidPassword" time="6.235"/>
  <system-out/>
</testsuite> <!-- testCases.LoginPopUpTest -->
