<?xml version="1.0" encoding="UTF-8"?>
<!-- Generated by org.testng.reporters.JUnitReportReporter -->
<testsuite hostname="DESKTOP-PO3T4V3" failures="0" tests="22" name="testCases.LoginPopUpTest" time="124.261" errors="1" timestamp="2022-07-13T11:40:44 AMT" skipped="20">
  <testcase classname="testCases.LoginPopUpTest" name="goToLoginPopUp" time="37.424">
    <error message="Expected condition failed: waiting for visibility of Proxy element for: DefaultElementLocator &#039;By.xpath: //button[@class = &#039;global_login-btn button-style2-type-btn&#039;]&#039; (tried for 5 second(s) with 500 milliseconds interval)" type="org.openqa.selenium.TimeoutException">
      <![CDATA[org.openqa.selenium.TimeoutException: Expected condition failed: waiting for visibility of Proxy element for: DefaultElementLocator 'By.xpath: //button[@class = 'global_login-btn button-style2-type-btn']' (tried for 5 second(s) with 500 milliseconds interval)
at org.openqa.selenium.support.ui.WebDriverWait.timeoutException(WebDriverWait.java:87)
at org.openqa.selenium.support.ui.FluentWait.until(FluentWait.java:231)
at pageObjects.BasePage.waitElementToBeVisible(BasePage.java:73)
at pageObjects.BasePage.clickOnElementIfVisible(BasePage.java:84)
at pageObjects.CraftBet_Header_Page.clickOnLogInButtonIfVisible(CraftBet_Header_Page.java:74)
at testCases.LoginPopUpTest.goToLoginPopUp(LoginPopUpTest.java:21)
at java.base/jdk.internal.reflect.NativeMethodAccessorImpl.invoke0(Native Method)
at java.base/jdk.internal.reflect.NativeMethodAccessorImpl.invoke(NativeMethodAccessorImpl.java:77)
at java.base/jdk.internal.reflect.DelegatingMethodAccessorImpl.invoke(DelegatingMethodAccessorImpl.java:43)
at java.base/java.lang.reflect.Method.invoke(Method.java:568)
at org.testng.internal.invokers.MethodInvocationHelper.invokeMethod(MethodInvocationHelper.java:139)
at org.testng.internal.invokers.MethodInvocationHelper.invokeMethodConsideringTimeout(MethodInvocationHelper.java:69)
at org.testng.internal.invokers.ConfigInvoker.invokeConfigurationMethod(ConfigInvoker.java:361)
at org.testng.internal.invokers.ConfigInvoker.invokeConfigurations(ConfigInvoker.java:296)
at org.testng.internal.invokers.TestInvoker.runConfigMethods(TestInvoker.java:816)
at org.testng.internal.invokers.TestInvoker.invokeMethod(TestInvoker.java:590)
at org.testng.internal.invokers.TestInvoker.invokeTestMethod(TestInvoker.java:221)
at org.testng.internal.invokers.MethodRunner.runInSequence(MethodRunner.java:50)
at org.testng.internal.invokers.TestInvoker$MethodInvocationAgent.invoke(TestInvoker.java:962)
at org.testng.internal.invokers.TestInvoker.invokeTestMethods(TestInvoker.java:194)
at org.testng.internal.invokers.TestMethodWorker.invokeTestMethods(TestMethodWorker.java:148)
at org.testng.internal.invokers.TestMethodWorker.run(TestMethodWorker.java:128)
at java.base/java.util.ArrayList.forEach(ArrayList.java:1511)
at org.testng.TestRunner.privateRun(TestRunner.java:806)
at org.testng.TestRunner.run(TestRunner.java:601)
at org.testng.SuiteRunner.runTest(SuiteRunner.java:433)
at org.testng.SuiteRunner.runSequentially(SuiteRunner.java:427)
at org.testng.SuiteRunner.privateRun(SuiteRunner.java:387)
at org.testng.SuiteRunner.run(SuiteRunner.java:330)
at org.testng.SuiteRunnerWorker.runSuite(SuiteRunnerWorker.java:52)
at org.testng.SuiteRunnerWorker.run(SuiteRunnerWorker.java:95)
at org.testng.TestNG.runSuitesSequentially(TestNG.java:1256)
at org.testng.TestNG.runSuitesLocally(TestNG.java:1176)
at org.testng.TestNG.runSuites(TestNG.java:1099)
at org.testng.TestNG.run(TestNG.java:1067)
at org.apache.maven.surefire.testng.TestNGExecutor.run(TestNGExecutor.java:295)
at org.apache.maven.surefire.testng.TestNGXmlTestSuite.execute(TestNGXmlTestSuite.java:84)
at org.apache.maven.surefire.testng.TestNGProvider.invoke(TestNGProvider.java:90)
at org.apache.maven.surefire.booter.ForkedBooter.invokeProviderInSameClassLoader(ForkedBooter.java:203)
at org.apache.maven.surefire.booter.ForkedBooter.runSuitesInProcess(ForkedBooter.java:155)
at org.apache.maven.surefire.booter.ForkedBooter.main(ForkedBooter.java:103)
Caused by: org.openqa.selenium.NoSuchElementException: no such element: Unable to locate element: {"method":"xpath","selector":"//button[@class = 'global_login-btn button-style2-type-btn']"}
  (Session info: chrome=103.0.5060.114)
For documentation on this error, please visit: https://selenium.dev/exceptions/#no_such_element
Build info: version: '4.2.1', revision: 'ac4d0fdd4a'
System info: host: 'DESKTOP-PO3T4V3', ip: '10.50.17.113', os.name: 'Windows 10', os.arch: 'amd64', os.version: '10.0', java.version: '17.0.2'
Driver info: org.openqa.selenium.chrome.ChromeDriver
Command: [c6deaddcdefd7519aa4a9e3847502b6f, findElement {using=xpath, value=//button[@class = 'global_login-btn button-style2-type-btn']}]
Capabilities {acceptInsecureCerts: false, browserName: chrome, browserVersion: 103.0.5060.114, chrome: {chromedriverVersion: 103.0.5060.53 (a1711811edd7..., userDataDir: C:\Users\NERSES~1\AppData\L...}, goog:chromeOptions: {debuggerAddress: localhost:62342}, networkConnectionEnabled: false, pageLoadStrategy: normal, platformName: WINDOWS, proxy: Proxy(), se:cdp: ws://localhost:62342/devtoo..., se:cdpVersion: 103.0.5060.114, setWindowRect: true, strictFileInteractability: false, timeouts: {implicit: 0, pageLoad: 300000, script: 30000}, unhandledPromptBehavior: dismiss and notify, webauthn:extension:credBlob: true, webauthn:extension:largeBlob: true, webauthn:virtualAuthenticators: true}
Session ID: c6deaddcdefd7519aa4a9e3847502b6f
at java.base/jdk.internal.reflect.NativeConstructorAccessorImpl.newInstance0(Native Method)
at java.base/jdk.internal.reflect.NativeConstructorAccessorImpl.newInstance(NativeConstructorAccessorImpl.java:77)
at java.base/jdk.internal.reflect.DelegatingConstructorAccessorImpl.newInstance(DelegatingConstructorAccessorImpl.java:45)
at java.base/java.lang.reflect.Constructor.newInstanceWithCaller(Constructor.java:499)
at java.base/java.lang.reflect.Constructor.newInstance(Constructor.java:480)
at org.openqa.selenium.remote.codec.w3c.W3CHttpResponseCodec.createException(W3CHttpResponseCodec.java:200)
at org.openqa.selenium.remote.codec.w3c.W3CHttpResponseCodec.decode(W3CHttpResponseCodec.java:133)
at org.openqa.selenium.remote.codec.w3c.W3CHttpResponseCodec.decode(W3CHttpResponseCodec.java:53)
at org.openqa.selenium.remote.HttpCommandExecutor.execute(HttpCommandExecutor.java:184)
at org.openqa.selenium.remote.service.DriverCommandExecutor.invokeExecute(DriverCommandExecutor.java:167)
at org.openqa.selenium.remote.service.DriverCommandExecutor.execute(DriverCommandExecutor.java:142)
at org.openqa.selenium.remote.RemoteWebDriver.execute(RemoteWebDriver.java:551)
at org.openqa.selenium.remote.ElementLocation$ElementFinder$2.findElement(ElementLocation.java:162)
at org.openqa.selenium.remote.ElementLocation.findElement(ElementLocation.java:60)
at org.openqa.selenium.remote.RemoteWebDriver.findElement(RemoteWebDriver.java:369)
at org.openqa.selenium.remote.RemoteWebDriver.findElement(RemoteWebDriver.java:361)
at org.openqa.selenium.support.pagefactory.DefaultElementLocator.findElement(DefaultElementLocator.java:70)
at org.openqa.selenium.support.pagefactory.internal.LocatingElementHandler.invoke(LocatingElementHandler.java:39)
at jdk.proxy2/jdk.proxy2.$Proxy19.isDisplayed(Unknown Source)
at org.openqa.selenium.support.ui.ExpectedConditions.elementIfVisible(ExpectedConditions.java:307)
at org.openqa.selenium.support.ui.ExpectedConditions.access$000(ExpectedConditions.java:40)
at org.openqa.selenium.support.ui.ExpectedConditions$10.apply(ExpectedConditions.java:293)
at org.openqa.selenium.support.ui.ExpectedConditions$10.apply(ExpectedConditions.java:290)
at org.openqa.selenium.support.ui.FluentWait.until(FluentWait.java:208)
... 39 more
]]>
    </error>
  </testcase> <!-- goToLoginPopUp -->
  <system-out/>
  <testcase classname="testCases.LoginPopUpTest" name="loginPopUpLabelsPresenceVerification_Test" time="86.837"/>
  <system-out/>
  <testcase classname="testCases.LoginPopUpTest" name="loginPopUpLogoPresenceVerification_Test" time="0.000">
    <skipped/>
  </testcase> <!-- loginPopUpLogoPresenceVerification_Test -->
  <system-out/>
  <testcase classname="testCases.LoginPopUpTest" name="loginPopUpCloseButtonFunctionality_Test" time="0.000">
    <skipped/>
  </testcase> <!-- loginPopUpCloseButtonFunctionality_Test -->
  <system-out/>
  <testcase classname="testCases.LoginPopUpTest" name="loginPopUpEyeButtonFunctionality_Test" time="0.000">
    <skipped/>
  </testcase> <!-- loginPopUpEyeButtonFunctionality_Test -->
  <system-out/>
  <testcase classname="testCases.LoginPopUpTest" name="loginPopUpRememberMeLabelClickAbility_Test" time="0.000">
    <skipped/>
  </testcase> <!-- loginPopUpRememberMeLabelClickAbility_Test -->
  <system-out/>
  <testcase classname="testCases.LoginPopUpTest" name="loginPopUpCheckBoxClickAbility_Test" time="0.000">
    <skipped/>
  </testcase> <!-- loginPopUpCheckBoxClickAbility_Test -->
  <system-out/>
  <testcase classname="testCases.LoginPopUpTest" name="loginPopUpForgotPasswordLink_Test" time="0.000">
    <skipped/>
  </testcase> <!-- loginPopUpForgotPasswordLink_Test -->
  <system-out/>
  <testcase classname="testCases.LoginPopUpTest" name="loginPopUpSignUpLink_Test" time="0.000">
    <skipped/>
  </testcase> <!-- loginPopUpSignUpLink_Test -->
  <system-out/>
  <testcase classname="testCases.LoginPopUpTest" name="loginPopUpLogInPositiveTest" time="0.000">
    <skipped/>
  </testcase> <!-- loginPopUpLogInPositiveTest -->
  <system-out/>
  <testcase classname="testCases.LoginPopUpTest" name="loginPopUpLogInNegativeTest" time="0.000">
    <skipped/>
  </testcase> <!-- loginPopUpLogInNegativeTest -->
  <system-out/>
  <testcase classname="testCases.LoginPopUpTest" name="loginPopUpLogInNegativeTest" time="0.000">
    <skipped/>
  </testcase> <!-- loginPopUpLogInNegativeTest -->
  <system-out/>
  <testcase classname="testCases.LoginPopUpTest" name="loginPopUpLogInNegativeTest" time="0.000">
    <skipped/>
  </testcase> <!-- loginPopUpLogInNegativeTest -->
  <system-out/>
  <testcase classname="testCases.LoginPopUpTest" name="loginPopUpLogInNegativeTest" time="0.000">
    <skipped/>
  </testcase> <!-- loginPopUpLogInNegativeTest -->
  <system-out/>
  <testcase classname="testCases.LoginPopUpTest" name="loginPopUpLogInNegativeTest" time="0.000">
    <skipped/>
  </testcase> <!-- loginPopUpLogInNegativeTest -->
  <system-out/>
  <testcase classname="testCases.LoginPopUpTest" name="loginPopUpLogInNegativeTest" time="0.000">
    <skipped/>
  </testcase> <!-- loginPopUpLogInNegativeTest -->
  <system-out/>
  <testcase classname="testCases.LoginPopUpTest" name="loginPopUpLogInNegativeTest" time="0.000">
    <skipped/>
  </testcase> <!-- loginPopUpLogInNegativeTest -->
  <system-out/>
  <testcase classname="testCases.LoginPopUpTest" name="loginPopUpLogInNegativeTest" time="0.000">
    <skipped/>
  </testcase> <!-- loginPopUpLogInNegativeTest -->
  <system-out/>
  <testcase classname="testCases.LoginPopUpTest" name="loginPopUpLogInNegativeTest" time="0.000">
    <skipped/>
  </testcase> <!-- loginPopUpLogInNegativeTest -->
  <system-out/>
  <testcase classname="testCases.LoginPopUpTest" name="loginPopUpLogInNegativeTest" time="0.000">
    <skipped/>
  </testcase> <!-- loginPopUpLogInNegativeTest -->
  <system-out/>
  <testcase classname="testCases.LoginPopUpTest" name="loginPopUpErrorMessageValidationInvalidUsername" time="0.000">
    <skipped/>
  </testcase> <!-- loginPopUpErrorMessageValidationInvalidUsername -->
  <system-out/>
  <testcase classname="testCases.LoginPopUpTest" name="loginPopUpErrorMessageValidationInvalidPassword" time="0.000">
    <skipped/>
  </testcase> <!-- loginPopUpErrorMessageValidationInvalidPassword -->
  <system-out/>
</testsuite> <!-- testCases.LoginPopUpTest -->
