<?xml version="1.0" encoding="UTF-8"?>
<!-- Generated by org.testng.reporters.JUnitReportReporter -->
<testsuite hostname="DESKTOP-PO3T4V3" failures="4" tests="29" name="testCases.SignUpQuickRegisterTest" time="208.715" errors="0" timestamp="2022-07-20T12:00:06 AMT" skipped="0">
  <testcase classname="testCases.SignUpQuickRegisterTest" name="SignUpPopUpQuickRegisterLabelsPresenceVerification_Test" time="5.100">
    <failure message="The following asserts failed:
	expected [I have read and accept the Terms &amp; Conditions and Privacy Policy and I agree that I am at least 21 years of age.] but found [I have 1read and accept the Terms &amp; Conditions and Privacy Policy and I agree that I am at least 21 years of age.]" type="java.lang.AssertionError">
      <![CDATA[java.lang.AssertionError: The following asserts failed:
expected [I have read and accept the Terms & Conditions and Privacy Policy and I agree that I am at least 21 years of age.] but found [I have 1read and accept the Terms & Conditions and Privacy Policy and I agree that I am at least 21 years of age.]
at org.testng.asserts.SoftAssert.assertAll(SoftAssert.java:46)
at org.testng.asserts.SoftAssert.assertAll(SoftAssert.java:30)
at testCases.SignUpQuickRegisterTest.SignUpPopUpQuickRegisterLabelsPresenceVerification_Test(SignUpQuickRegisterTest.java:101)
at java.base/jdk.internal.reflect.NativeMethodAccessorImpl.invoke0(Native Method)
at java.base/jdk.internal.reflect.NativeMethodAccessorImpl.invoke(NativeMethodAccessorImpl.java:77)
at java.base/jdk.internal.reflect.DelegatingMethodAccessorImpl.invoke(DelegatingMethodAccessorImpl.java:43)
at java.base/java.lang.reflect.Method.invoke(Method.java:568)
at org.testng.internal.invokers.MethodInvocationHelper.invokeMethod(MethodInvocationHelper.java:139)
at org.testng.internal.invokers.TestInvoker.invokeMethod(TestInvoker.java:677)
at org.testng.internal.invokers.TestInvoker.invokeTestMethod(TestInvoker.java:221)
at org.testng.internal.invokers.MethodRunner.runInSequence(MethodRunner.java:50)
at org.testng.internal.invokers.TestInvoker$MethodInvocationAgent.invoke(TestInvoker.java:962)
at org.testng.internal.invokers.TestInvoker.invokeTestMethods(TestInvoker.java:194)
at org.testng.internal.invokers.TestMethodWorker.invokeTestMethods(TestMethodWorker.java:148)
at org.testng.internal.invokers.TestMethodWorker.run(TestMethodWorker.java:128)
at java.base/java.util.ArrayList.forEach(ArrayList.java:1511)
at org.testng.TestRunner.privateRun(TestRunner.java:806)
at org.testng.TestRunner.run(TestRunner.java:601)
at org.testng.SuiteRunner.runTest(SuiteRunner.java:433)
at org.testng.SuiteRunner.runSequentially(SuiteRunner.java:427)
at org.testng.SuiteRunner.privateRun(SuiteRunner.java:387)
at org.testng.SuiteRunner.run(SuiteRunner.java:330)
at org.testng.SuiteRunnerWorker.runSuite(SuiteRunnerWorker.java:52)
at org.testng.SuiteRunnerWorker.run(SuiteRunnerWorker.java:95)
at org.testng.TestNG.runSuitesSequentially(TestNG.java:1256)
at org.testng.TestNG.runSuitesLocally(TestNG.java:1176)
at org.testng.TestNG.runSuites(TestNG.java:1099)
at org.testng.TestNG.run(TestNG.java:1067)
at org.apache.maven.surefire.testng.TestNGExecutor.run(TestNGExecutor.java:295)
at org.apache.maven.surefire.testng.TestNGXmlTestSuite.execute(TestNGXmlTestSuite.java:84)
at org.apache.maven.surefire.testng.TestNGProvider.invoke(TestNGProvider.java:90)
at org.apache.maven.surefire.booter.ForkedBooter.invokeProviderInSameClassLoader(ForkedBooter.java:203)
at org.apache.maven.surefire.booter.ForkedBooter.runSuitesInProcess(ForkedBooter.java:155)
at org.apache.maven.surefire.booter.ForkedBooter.main(ForkedBooter.java:103)
]]>
    </failure>
  </testcase> <!-- SignUpPopUpQuickRegisterLabelsPresenceVerification_Test -->
  <system-out/>
  <testcase classname="testCases.SignUpQuickRegisterTest" name="SignUpPopUpQuickRegisterLogoPresenceVerification_Test" time="5.131"/>
  <system-out/>
  <testcase classname="testCases.SignUpQuickRegisterTest" name="SignUpPopUpQuickRegisterRegisterByDropDownVerification_Test" time="5.857"/>
  <system-out/>
  <testcase classname="testCases.SignUpQuickRegisterTest" name="SignUpPopUpQuickRegisterCurrencyDropDownVerification_Test" time="5.982"/>
  <system-out/>
  <testcase classname="testCases.SignUpQuickRegisterTest" name="SignUpPopUpCloseButtonFunctionality" time="5.802"/>
  <system-out/>
  <testcase classname="testCases.SignUpQuickRegisterTest" name="SignUpPopUpQuickRegisterRegisterPrivacyPolicy" time="5.818"/>
  <system-out/>
  <testcase classname="testCases.SignUpQuickRegisterTest" name="SignUpPopUpTermsAndConditionsLinkFunctionality" time="5.156"/>
  <system-out/>
  <testcase classname="testCases.SignUpQuickRegisterTest" name="SignUpPopUpLogInLinkFunctionality" time="4.907"/>
  <system-out/>
  <testcase classname="testCases.SignUpQuickRegisterTest" name="SignUpPopUpQuickFullRegistrationButtonFunctionality" time="5.321"/>
  <system-out/>
  <testcase classname="testCases.SignUpQuickRegisterTest" name="SignUpPopUpQuickRegisterWithEmailPositiveTest" time="7.388"/>
  <system-out/>
  <testcase classname="testCases.SignUpQuickRegisterTest" name="SignUpPopUpQuickRegisterWithEmailNegativeTest" time="19.796">
    <failure message="expected [Invalid email address] but found [Email address must be unique]" type="java.lang.AssertionError">
      <![CDATA[java.lang.AssertionError: expected [Invalid email address] but found [Email address must be unique]
at org.testng.Assert.fail(Assert.java:110)
at org.testng.Assert.failNotEquals(Assert.java:1413)
at org.testng.Assert.assertEqualsImpl(Assert.java:149)
at org.testng.Assert.assertEquals(Assert.java:131)
at org.testng.Assert.assertEquals(Assert.java:655)
at org.testng.Assert.assertEquals(Assert.java:665)
at testCases.SignUpQuickRegisterTest.SignUpPopUpQuickRegisterWithEmailNegativeTest(SignUpQuickRegisterTest.java:256)
at java.base/jdk.internal.reflect.NativeMethodAccessorImpl.invoke0(Native Method)
at java.base/jdk.internal.reflect.NativeMethodAccessorImpl.invoke(NativeMethodAccessorImpl.java:77)
at java.base/jdk.internal.reflect.DelegatingMethodAccessorImpl.invoke(DelegatingMethodAccessorImpl.java:43)
at java.base/java.lang.reflect.Method.invoke(Method.java:568)
at org.testng.internal.invokers.MethodInvocationHelper.invokeMethod(MethodInvocationHelper.java:139)
at org.testng.internal.invokers.TestInvoker.invokeMethod(TestInvoker.java:677)
at org.testng.internal.invokers.TestInvoker.invokeTestMethod(TestInvoker.java:221)
at org.testng.internal.invokers.MethodRunner.runInSequence(MethodRunner.java:50)
at org.testng.internal.invokers.TestInvoker$MethodInvocationAgent.invoke(TestInvoker.java:962)
at org.testng.internal.invokers.TestInvoker.invokeTestMethods(TestInvoker.java:194)
at org.testng.internal.invokers.TestMethodWorker.invokeTestMethods(TestMethodWorker.java:148)
at org.testng.internal.invokers.TestMethodWorker.run(TestMethodWorker.java:128)
at java.base/java.util.ArrayList.forEach(ArrayList.java:1511)
at org.testng.TestRunner.privateRun(TestRunner.java:806)
at org.testng.TestRunner.run(TestRunner.java:601)
at org.testng.SuiteRunner.runTest(SuiteRunner.java:433)
at org.testng.SuiteRunner.runSequentially(SuiteRunner.java:427)
at org.testng.SuiteRunner.privateRun(SuiteRunner.java:387)
at org.testng.SuiteRunner.run(SuiteRunner.java:330)
at org.testng.SuiteRunnerWorker.runSuite(SuiteRunnerWorker.java:52)
at org.testng.SuiteRunnerWorker.run(SuiteRunnerWorker.java:95)
at org.testng.TestNG.runSuitesSequentially(TestNG.java:1256)
at org.testng.TestNG.runSuitesLocally(TestNG.java:1176)
at org.testng.TestNG.runSuites(TestNG.java:1099)
at org.testng.TestNG.run(TestNG.java:1067)
at org.apache.maven.surefire.testng.TestNGExecutor.run(TestNGExecutor.java:295)
at org.apache.maven.surefire.testng.TestNGXmlTestSuite.execute(TestNGXmlTestSuite.java:84)
at org.apache.maven.surefire.testng.TestNGProvider.invoke(TestNGProvider.java:90)
at org.apache.maven.surefire.booter.ForkedBooter.invokeProviderInSameClassLoader(ForkedBooter.java:203)
at org.apache.maven.surefire.booter.ForkedBooter.runSuitesInProcess(ForkedBooter.java:155)
at org.apache.maven.surefire.booter.ForkedBooter.main(ForkedBooter.java:103)
]]>
    </failure>
  </testcase> <!-- SignUpPopUpQuickRegisterWithEmailNegativeTest -->
  <system-out/>
  <testcase classname="testCases.SignUpQuickRegisterTest" name="SignUpPopUpQuickRegisterWithEmailNegativeTest" time="7.071"/>
  <system-out/>
  <testcase classname="testCases.SignUpQuickRegisterTest" name="SignUpPopUpQuickRegisterWithEmailNegativeTest" time="5.451"/>
  <system-out/>
  <testcase classname="testCases.SignUpQuickRegisterTest" name="SignUpPopUpQuickRegisterWithEmailNegativeTest" time="9.372"/>
  <system-out/>
  <testcase classname="testCases.SignUpQuickRegisterTest" name="SignUpPopUpQuickRegisterWithEmailNegativeTest" time="6.559"/>
  <system-out/>
  <testcase classname="testCases.SignUpQuickRegisterTest" name="SignUpPopUpQuickRegisterWithEmailNegativeTest" time="6.224"/>
  <system-out/>
  <testcase classname="testCases.SignUpQuickRegisterTest" name="SignUpPopUpQuickRegisterWithEmailNegativeTest" time="5.693"/>
  <system-out/>
  <testcase classname="testCases.SignUpQuickRegisterTest" name="SignUpPopUpQuickRegisterWithEmailNegativeTest" time="9.183"/>
  <system-out/>
  <testcase classname="testCases.SignUpQuickRegisterTest" name="SignUpPopUpQuickRegisterWithEmailNegativeTest" time="6.193">
    <failure message="expected [Invalid email address] but found [Email address must be unique]" type="java.lang.AssertionError">
      <![CDATA[java.lang.AssertionError: expected [Invalid email address] but found [Email address must be unique]
at org.testng.Assert.fail(Assert.java:110)
at org.testng.Assert.failNotEquals(Assert.java:1413)
at org.testng.Assert.assertEqualsImpl(Assert.java:149)
at org.testng.Assert.assertEquals(Assert.java:131)
at org.testng.Assert.assertEquals(Assert.java:655)
at org.testng.Assert.assertEquals(Assert.java:665)
at testCases.SignUpQuickRegisterTest.SignUpPopUpQuickRegisterWithEmailNegativeTest(SignUpQuickRegisterTest.java:256)
at java.base/jdk.internal.reflect.NativeMethodAccessorImpl.invoke0(Native Method)
at java.base/jdk.internal.reflect.NativeMethodAccessorImpl.invoke(NativeMethodAccessorImpl.java:77)
at java.base/jdk.internal.reflect.DelegatingMethodAccessorImpl.invoke(DelegatingMethodAccessorImpl.java:43)
at java.base/java.lang.reflect.Method.invoke(Method.java:568)
at org.testng.internal.invokers.MethodInvocationHelper.invokeMethod(MethodInvocationHelper.java:139)
at org.testng.internal.invokers.TestInvoker.invokeMethod(TestInvoker.java:677)
at org.testng.internal.invokers.TestInvoker.invokeTestMethod(TestInvoker.java:221)
at org.testng.internal.invokers.MethodRunner.runInSequence(MethodRunner.java:50)
at org.testng.internal.invokers.TestInvoker$MethodInvocationAgent.invoke(TestInvoker.java:962)
at org.testng.internal.invokers.TestInvoker.invokeTestMethods(TestInvoker.java:194)
at org.testng.internal.invokers.TestMethodWorker.invokeTestMethods(TestMethodWorker.java:148)
at org.testng.internal.invokers.TestMethodWorker.run(TestMethodWorker.java:128)
at java.base/java.util.ArrayList.forEach(ArrayList.java:1511)
at org.testng.TestRunner.privateRun(TestRunner.java:806)
at org.testng.TestRunner.run(TestRunner.java:601)
at org.testng.SuiteRunner.runTest(SuiteRunner.java:433)
at org.testng.SuiteRunner.runSequentially(SuiteRunner.java:427)
at org.testng.SuiteRunner.privateRun(SuiteRunner.java:387)
at org.testng.SuiteRunner.run(SuiteRunner.java:330)
at org.testng.SuiteRunnerWorker.runSuite(SuiteRunnerWorker.java:52)
at org.testng.SuiteRunnerWorker.run(SuiteRunnerWorker.java:95)
at org.testng.TestNG.runSuitesSequentially(TestNG.java:1256)
at org.testng.TestNG.runSuitesLocally(TestNG.java:1176)
at org.testng.TestNG.runSuites(TestNG.java:1099)
at org.testng.TestNG.run(TestNG.java:1067)
at org.apache.maven.surefire.testng.TestNGExecutor.run(TestNGExecutor.java:295)
at org.apache.maven.surefire.testng.TestNGXmlTestSuite.execute(TestNGXmlTestSuite.java:84)
at org.apache.maven.surefire.testng.TestNGProvider.invoke(TestNGProvider.java:90)
at org.apache.maven.surefire.booter.ForkedBooter.invokeProviderInSameClassLoader(ForkedBooter.java:203)
at org.apache.maven.surefire.booter.ForkedBooter.runSuitesInProcess(ForkedBooter.java:155)
at org.apache.maven.surefire.booter.ForkedBooter.main(ForkedBooter.java:103)
]]>
    </failure>
  </testcase> <!-- SignUpPopUpQuickRegisterWithEmailNegativeTest -->
  <system-out/>
  <testcase classname="testCases.SignUpQuickRegisterTest" name="SignUpPopUpQuickRegisterWithMobilePositiveTest" time="7.762"/>
  <system-out/>
  <testcase classname="testCases.SignUpQuickRegisterTest" name="SignUpPopUpQuickRegisterWithMobileNegativeTest" time="6.697"/>
  <system-out/>
  <testcase classname="testCases.SignUpQuickRegisterTest" name="SignUpPopUpQuickRegisterWithMobileNegativeTest" time="6.366"/>
  <system-out/>
  <testcase classname="testCases.SignUpQuickRegisterTest" name="SignUpPopUpQuickRegisterWithMobileNegativeTest" time="6.651"/>
  <system-out/>
  <testcase classname="testCases.SignUpQuickRegisterTest" name="SignUpPopUpQuickRegisterWithMobileNegativeTest" time="6.545"/>
  <system-out/>
  <testcase classname="testCases.SignUpQuickRegisterTest" name="SignUpPopUpQuickRegisterWithMobileNegativeTest" time="13.730"/>
  <system-out/>
  <testcase classname="testCases.SignUpQuickRegisterTest" name="SignUpPopUpQuickRegisterWithMobileNegativeTest" time="8.716"/>
  <system-out/>
  <testcase classname="testCases.SignUpQuickRegisterTest" name="SignUpPopUpQuickRegisterWithMobileNegativeTest" time="6.332">
    <failure message="expected [craft_btn reg_btn not_active] but found [craft_btn reg_btn active-item]" type="java.lang.AssertionError">
      <![CDATA[java.lang.AssertionError: expected [craft_btn reg_btn not_active] but found [craft_btn reg_btn active-item]
at org.testng.Assert.fail(Assert.java:110)
at org.testng.Assert.failNotEquals(Assert.java:1413)
at org.testng.Assert.assertEqualsImpl(Assert.java:149)
at org.testng.Assert.assertEquals(Assert.java:131)
at org.testng.Assert.assertEquals(Assert.java:655)
at org.testng.Assert.assertEquals(Assert.java:665)
at testCases.SignUpQuickRegisterTest.SignUpPopUpQuickRegisterWithMobileNegativeTest(SignUpQuickRegisterTest.java:322)
at java.base/jdk.internal.reflect.NativeMethodAccessorImpl.invoke0(Native Method)
at java.base/jdk.internal.reflect.NativeMethodAccessorImpl.invoke(NativeMethodAccessorImpl.java:77)
at java.base/jdk.internal.reflect.DelegatingMethodAccessorImpl.invoke(DelegatingMethodAccessorImpl.java:43)
at java.base/java.lang.reflect.Method.invoke(Method.java:568)
at org.testng.internal.invokers.MethodInvocationHelper.invokeMethod(MethodInvocationHelper.java:139)
at org.testng.internal.invokers.TestInvoker.invokeMethod(TestInvoker.java:677)
at org.testng.internal.invokers.TestInvoker.invokeTestMethod(TestInvoker.java:221)
at org.testng.internal.invokers.MethodRunner.runInSequence(MethodRunner.java:50)
at org.testng.internal.invokers.TestInvoker$MethodInvocationAgent.invoke(TestInvoker.java:962)
at org.testng.internal.invokers.TestInvoker.invokeTestMethods(TestInvoker.java:194)
at org.testng.internal.invokers.TestMethodWorker.invokeTestMethods(TestMethodWorker.java:148)
at org.testng.internal.invokers.TestMethodWorker.run(TestMethodWorker.java:128)
at java.base/java.util.ArrayList.forEach(ArrayList.java:1511)
at org.testng.TestRunner.privateRun(TestRunner.java:806)
at org.testng.TestRunner.run(TestRunner.java:601)
at org.testng.SuiteRunner.runTest(SuiteRunner.java:433)
at org.testng.SuiteRunner.runSequentially(SuiteRunner.java:427)
at org.testng.SuiteRunner.privateRun(SuiteRunner.java:387)
at org.testng.SuiteRunner.run(SuiteRunner.java:330)
at org.testng.SuiteRunnerWorker.runSuite(SuiteRunnerWorker.java:52)
at org.testng.SuiteRunnerWorker.run(SuiteRunnerWorker.java:95)
at org.testng.TestNG.runSuitesSequentially(TestNG.java:1256)
at org.testng.TestNG.runSuitesLocally(TestNG.java:1176)
at org.testng.TestNG.runSuites(TestNG.java:1099)
at org.testng.TestNG.run(TestNG.java:1067)
at org.apache.maven.surefire.testng.TestNGExecutor.run(TestNGExecutor.java:295)
at org.apache.maven.surefire.testng.TestNGXmlTestSuite.execute(TestNGXmlTestSuite.java:84)
at org.apache.maven.surefire.testng.TestNGProvider.invoke(TestNGProvider.java:90)
at org.apache.maven.surefire.booter.ForkedBooter.invokeProviderInSameClassLoader(ForkedBooter.java:203)
at org.apache.maven.surefire.booter.ForkedBooter.runSuitesInProcess(ForkedBooter.java:155)
at org.apache.maven.surefire.booter.ForkedBooter.main(ForkedBooter.java:103)
]]>
    </failure>
  </testcase> <!-- SignUpPopUpQuickRegisterWithMobileNegativeTest -->
  <system-out/>
  <testcase classname="testCases.SignUpQuickRegisterTest" name="SignUpPopUpQuickRegisterWithMobileNegativeTest" time="7.601"/>
  <system-out/>
  <testcase classname="testCases.SignUpQuickRegisterTest" name="SignUpPopUpQuickRegisterWithMobileNegativeTest" time="6.311"/>
  <system-out/>
</testsuite> <!-- testCases.SignUpQuickRegisterTest -->
