<?xml version="1.0" encoding="UTF-8"?>
<!-- Generated by org.testng.reporters.JUnitReportReporter -->
<testsuite hostname="DESKTOP-PO3T4V3" failures="0" tests="13" name="testCases.LoginPopUpTest" time="164.764" errors="0" timestamp="2022-07-07T12:15:14 AMT" skipped="0">
  <testcase classname="testCases.LoginPopUpTest" name="loginPopUpLabelsPresenceVerification_Test" time="8.232"/>
  <system-out/>
  <testcase classname="testCases.LoginPopUpTest" name="loginPopUpLogoPresenceVerification_Test" time="7.500"/>
  <system-out/>
  <testcase classname="testCases.LoginPopUpTest" name="loginPopUpCloseButtonFunctionality_Test" time="8.095"/>
  <system-out/>
  <testcase classname="testCases.LoginPopUpTest" name="loginPopUpEyeButtonFunctionality_Test" time="12.714"/>
  <system-out/>
  <testcase classname="testCases.LoginPopUpTest" name="loginPopUpRememberMeLabelClickAbility_Test" time="7.192"/>
  <system-out/>
  <testcase classname="testCases.LoginPopUpTest" name="loginPopUpCheckBoxClickAbility_Test" time="10.774"/>
  <system-out/>
  <testcase classname="testCases.LoginPopUpTest" name="loginPopUpForgotPasswordLink_Test" time="8.460"/>
  <system-out/>
  <testcase classname="testCases.LoginPopUpTest" name="loginPopUpSignUpLink_Test" time="9.382"/>
  <system-out/>
  <testcase classname="testCases.LoginPopUpTest" name="loginPopUpLogInPositiveTest" time="10.460"/>
  <system-out/>
  <testcase classname="testCases.LoginPopUpTest" name="loginPopUpLogInNegativeTest1" time="37.274"/>
  <system-out/>
  <testcase classname="testCases.LoginPopUpTest" name="loginPopUpLogInNegativeTest2" time="19.444"/>
  <system-out/>
  <testcase classname="testCases.LoginPopUpTest" name="loginPopUpErrorMessageValidationInvalidUsername" time="9.212"/>
  <system-out/>
  <testcase classname="testCases.LoginPopUpTest" name="loginPopUpErrorMessageValidationInvalidPassword" time="16.025"/>
  <system-out/>
</testsuite> <!-- testCases.LoginPopUpTest -->
